2017-03-16 15:55:25 [::1][-][f4dfbedf05b1791f36404c605c0e0f60][error][yii\web\HttpException:404] yii\base\InvalidRouteException: Unable to resolve the request "student/create". in /opt/lampp/htdocs/advancedT2/vendor/yiisoft/yii2/base/Module.php:532
Stack trace:
#0 /opt/lampp/htdocs/advancedT2/vendor/yiisoft/yii2/web/Application.php(102): yii\base\Module->runAction('student/create', Array)
#1 /opt/lampp/htdocs/advancedT2/vendor/yiisoft/yii2/base/Application.php(380): yii\web\Application->handleRequest(Object(yii\web\Request))
#2 /opt/lampp/htdocs/advancedT2/frontend/web/index.php(17): yii\base\Application->run()
#3 {main}

Next yii\web\NotFoundHttpException: Page not found. in /opt/lampp/htdocs/advancedT2/vendor/yiisoft/yii2/web/Application.php:114
Stack trace:
#0 /opt/lampp/htdocs/advancedT2/vendor/yiisoft/yii2/base/Application.php(380): yii\web\Application->handleRequest(Object(yii\web\Request))
#1 /opt/lampp/htdocs/advancedT2/frontend/web/index.php(17): yii\base\Application->run()
#2 {main}
2017-03-16 15:55:25 [::1][-][f4dfbedf05b1791f36404c605c0e0f60][info][application] $_GET = [
    'r' => 'student/create'
]

$_COOKIE = [
    'advanced-frontend' => 'f4dfbedf05b1791f36404c605c0e0f60'
    'advanced-backend' => 'a25f485103f25a850c2a8a78120e80b0'
    '_csrf-backend' => '55abb660448d56181a4d72bef0e6ad9bdd4f76c94185cebd1cc3f3cd7b04732da:2:{i:0;s:13:\"_csrf-backend\";i:1;s:32:\"GW5h_I3vLxg7qxFxg5aTHCv-qYzzHU-6\";}'
    '_csrf' => '4568b5e25984d7076dc4f24ea19b3a73a43fd1e1ad86b93e25e12c45cf72a981a:2:{i:0;s:5:\"_csrf\";i:1;s:32:\"bp75wJEgKM6UbbuifkjFPzvJaCvWVYHp\";}'
]

$_SESSION = [
    '__flash' => []
]

$_SERVER = [
    'UNIQUE_ID' => 'WMqnXX8AAQEAAA@uu8oAAAAI'
    'HTTP_HOST' => 'localhost'
    'HTTP_CONNECTION' => 'keep-alive'
    'HTTP_UPGRADE_INSECURE_REQUESTS' => '1'
    'HTTP_USER_AGENT' => 'Mozilla/5.0 (X11; Linux x86_64) AppleWebKit/537.36 (KHTML, like Gecko) Ubuntu Chromium/56.0.2924.76 Chrome/56.0.2924.76 Safari/537.36'
    'HTTP_ACCEPT' => 'text/html,application/xhtml+xml,application/xml;q=0.9,image/webp,*/*;q=0.8'
    'HTTP_ACCEPT_ENCODING' => 'gzip, deflate, sdch, br'
    'HTTP_ACCEPT_LANGUAGE' => 'en-US,en;q=0.8'
    'HTTP_COOKIE' => 'advanced-frontend=f4dfbedf05b1791f36404c605c0e0f60; advanced-backend=a25f485103f25a850c2a8a78120e80b0; _csrf-backend=55abb660448d56181a4d72bef0e6ad9bdd4f76c94185cebd1cc3f3cd7b04732da%3A2%3A%7Bi%3A0%3Bs%3A13%3A%22_csrf-backend%22%3Bi%3A1%3Bs%3A32%3A%22GW5h_I3vLxg7qxFxg5aTHCv-qYzzHU-6%22%3B%7D; _csrf=4568b5e25984d7076dc4f24ea19b3a73a43fd1e1ad86b93e25e12c45cf72a981a%3A2%3A%7Bi%3A0%3Bs%3A5%3A%22_csrf%22%3Bi%3A1%3Bs%3A32%3A%22bp75wJEgKM6UbbuifkjFPzvJaCvWVYHp%22%3B%7D'
    'PATH' => '/usr/local/sbin:/usr/local/bin:/usr/sbin:/usr/bin:/sbin:/bin:/snap/bin'
    'LD_LIBRARY_PATH' => '/opt/lampp/lib:/opt/lampp/lib'
    'SERVER_SIGNATURE' => ''
    'SERVER_SOFTWARE' => 'Apache/2.4.25 (Unix) OpenSSL/1.0.2j PHP/7.1.1 mod_perl/2.0.8-dev Perl/v5.16.3'
    'SERVER_NAME' => 'localhost'
    'SERVER_ADDR' => '::1'
    'SERVER_PORT' => '80'
    'REMOTE_ADDR' => '::1'
    'DOCUMENT_ROOT' => '/opt/lampp/htdocs'
    'REQUEST_SCHEME' => 'http'
    'CONTEXT_PREFIX' => ''
    'CONTEXT_DOCUMENT_ROOT' => '/opt/lampp/htdocs'
    'SERVER_ADMIN' => 'you@example.com'
    'SCRIPT_FILENAME' => '/opt/lampp/htdocs/advancedT2/frontend/web/index.php'
    'REMOTE_PORT' => '34576'
    'GATEWAY_INTERFACE' => 'CGI/1.1'
    'SERVER_PROTOCOL' => 'HTTP/1.1'
    'REQUEST_METHOD' => 'GET'
    'QUERY_STRING' => 'r=student/create'
    'REQUEST_URI' => '/advancedT2/frontend/web/index.php?r=student/create'
    'SCRIPT_NAME' => '/advancedT2/frontend/web/index.php'
    'PHP_SELF' => '/advancedT2/frontend/web/index.php'
    'REQUEST_TIME_FLOAT' => 1489676125.519
    'REQUEST_TIME' => 1489676125
]
2017-03-16 15:55:36 [::1][-][f4dfbedf05b1791f36404c605c0e0f60][error][yii\web\HttpException:404] yii\base\InvalidRouteException: Unable to resolve the request "student/Create". in /opt/lampp/htdocs/advancedT2/vendor/yiisoft/yii2/base/Module.php:532
Stack trace:
#0 /opt/lampp/htdocs/advancedT2/vendor/yiisoft/yii2/web/Application.php(102): yii\base\Module->runAction('student/Create', Array)
#1 /opt/lampp/htdocs/advancedT2/vendor/yiisoft/yii2/base/Application.php(380): yii\web\Application->handleRequest(Object(yii\web\Request))
#2 /opt/lampp/htdocs/advancedT2/frontend/web/index.php(17): yii\base\Application->run()
#3 {main}

Next yii\web\NotFoundHttpException: Page not found. in /opt/lampp/htdocs/advancedT2/vendor/yiisoft/yii2/web/Application.php:114
Stack trace:
#0 /opt/lampp/htdocs/advancedT2/vendor/yiisoft/yii2/base/Application.php(380): yii\web\Application->handleRequest(Object(yii\web\Request))
#1 /opt/lampp/htdocs/advancedT2/frontend/web/index.php(17): yii\base\Application->run()
#2 {main}
2017-03-16 15:55:36 [::1][-][f4dfbedf05b1791f36404c605c0e0f60][info][application] $_GET = [
    'r' => 'student/Create'
]

$_COOKIE = [
    'advanced-frontend' => 'f4dfbedf05b1791f36404c605c0e0f60'
    'advanced-backend' => 'a25f485103f25a850c2a8a78120e80b0'
    '_csrf-backend' => '55abb660448d56181a4d72bef0e6ad9bdd4f76c94185cebd1cc3f3cd7b04732da:2:{i:0;s:13:\"_csrf-backend\";i:1;s:32:\"GW5h_I3vLxg7qxFxg5aTHCv-qYzzHU-6\";}'
    '_csrf' => '4568b5e25984d7076dc4f24ea19b3a73a43fd1e1ad86b93e25e12c45cf72a981a:2:{i:0;s:5:\"_csrf\";i:1;s:32:\"bp75wJEgKM6UbbuifkjFPzvJaCvWVYHp\";}'
    '_csrf-frontend' => 'd333ee4543ddb34091c7b1c09052e5752e79eecd268d20657f0c520bc6049dc9a:2:{i:0;s:14:\"_csrf-frontend\";i:1;s:32:\"IjZ8TPKg_NfvgvXNxwyg3dgteHaSY_3F\";}'
]

$_SESSION = [
    '__flash' => []
]

$_SERVER = [
    'UNIQUE_ID' => 'WMqnaH8AAQEAAA@iReMAAAAF'
    'HTTP_HOST' => 'localhost'
    'HTTP_CONNECTION' => 'keep-alive'
    'HTTP_UPGRADE_INSECURE_REQUESTS' => '1'
    'HTTP_USER_AGENT' => 'Mozilla/5.0 (X11; Linux x86_64) AppleWebKit/537.36 (KHTML, like Gecko) Ubuntu Chromium/56.0.2924.76 Chrome/56.0.2924.76 Safari/537.36'
    'HTTP_ACCEPT' => 'text/html,application/xhtml+xml,application/xml;q=0.9,image/webp,*/*;q=0.8'
    'HTTP_ACCEPT_ENCODING' => 'gzip, deflate, sdch, br'
    'HTTP_ACCEPT_LANGUAGE' => 'en-US,en;q=0.8'
    'HTTP_COOKIE' => 'advanced-frontend=f4dfbedf05b1791f36404c605c0e0f60; advanced-backend=a25f485103f25a850c2a8a78120e80b0; _csrf-backend=55abb660448d56181a4d72bef0e6ad9bdd4f76c94185cebd1cc3f3cd7b04732da%3A2%3A%7Bi%3A0%3Bs%3A13%3A%22_csrf-backend%22%3Bi%3A1%3Bs%3A32%3A%22GW5h_I3vLxg7qxFxg5aTHCv-qYzzHU-6%22%3B%7D; _csrf=4568b5e25984d7076dc4f24ea19b3a73a43fd1e1ad86b93e25e12c45cf72a981a%3A2%3A%7Bi%3A0%3Bs%3A5%3A%22_csrf%22%3Bi%3A1%3Bs%3A32%3A%22bp75wJEgKM6UbbuifkjFPzvJaCvWVYHp%22%3B%7D; _csrf-frontend=d333ee4543ddb34091c7b1c09052e5752e79eecd268d20657f0c520bc6049dc9a%3A2%3A%7Bi%3A0%3Bs%3A14%3A%22_csrf-frontend%22%3Bi%3A1%3Bs%3A32%3A%22IjZ8TPKg_NfvgvXNxwyg3dgteHaSY_3F%22%3B%7D'
    'PATH' => '/usr/local/sbin:/usr/local/bin:/usr/sbin:/usr/bin:/sbin:/bin:/snap/bin'
    'LD_LIBRARY_PATH' => '/opt/lampp/lib:/opt/lampp/lib'
    'SERVER_SIGNATURE' => ''
    'SERVER_SOFTWARE' => 'Apache/2.4.25 (Unix) OpenSSL/1.0.2j PHP/7.1.1 mod_perl/2.0.8-dev Perl/v5.16.3'
    'SERVER_NAME' => 'localhost'
    'SERVER_ADDR' => '::1'
    'SERVER_PORT' => '80'
    'REMOTE_ADDR' => '::1'
    'DOCUMENT_ROOT' => '/opt/lampp/htdocs'
    'REQUEST_SCHEME' => 'http'
    'CONTEXT_PREFIX' => ''
    'CONTEXT_DOCUMENT_ROOT' => '/opt/lampp/htdocs'
    'SERVER_ADMIN' => 'you@example.com'
    'SCRIPT_FILENAME' => '/opt/lampp/htdocs/advancedT2/frontend/web/index.php'
    'REMOTE_PORT' => '34586'
    'GATEWAY_INTERFACE' => 'CGI/1.1'
    'SERVER_PROTOCOL' => 'HTTP/1.1'
    'REQUEST_METHOD' => 'GET'
    'QUERY_STRING' => 'r=student/Create'
    'REQUEST_URI' => '/advancedT2/frontend/web/index.php?r=student/Create'
    'SCRIPT_NAME' => '/advancedT2/frontend/web/index.php'
    'PHP_SELF' => '/advancedT2/frontend/web/index.php'
    'REQUEST_TIME_FLOAT' => 1489676136.922
    'REQUEST_TIME' => 1489676136
]
2017-03-16 15:56:35 [::1][-][f4dfbedf05b1791f36404c605c0e0f60][error][yii\web\HttpException:404] yii\base\InvalidRouteException: Unable to resolve the request "student/SS". in /opt/lampp/htdocs/advancedT2/vendor/yiisoft/yii2/base/Module.php:532
Stack trace:
#0 /opt/lampp/htdocs/advancedT2/vendor/yiisoft/yii2/web/Application.php(102): yii\base\Module->runAction('student/SS', Array)
#1 /opt/lampp/htdocs/advancedT2/vendor/yiisoft/yii2/base/Application.php(380): yii\web\Application->handleRequest(Object(yii\web\Request))
#2 /opt/lampp/htdocs/advancedT2/frontend/web/index.php(17): yii\base\Application->run()
#3 {main}

Next yii\web\NotFoundHttpException: Page not found. in /opt/lampp/htdocs/advancedT2/vendor/yiisoft/yii2/web/Application.php:114
Stack trace:
#0 /opt/lampp/htdocs/advancedT2/vendor/yiisoft/yii2/base/Application.php(380): yii\web\Application->handleRequest(Object(yii\web\Request))
#1 /opt/lampp/htdocs/advancedT2/frontend/web/index.php(17): yii\base\Application->run()
#2 {main}
2017-03-16 15:56:35 [::1][-][f4dfbedf05b1791f36404c605c0e0f60][info][application] $_GET = [
    'r' => 'student/SS'
]

$_COOKIE = [
    'advanced-frontend' => 'f4dfbedf05b1791f36404c605c0e0f60'
    'advanced-backend' => 'a25f485103f25a850c2a8a78120e80b0'
    '_csrf-backend' => '55abb660448d56181a4d72bef0e6ad9bdd4f76c94185cebd1cc3f3cd7b04732da:2:{i:0;s:13:\"_csrf-backend\";i:1;s:32:\"GW5h_I3vLxg7qxFxg5aTHCv-qYzzHU-6\";}'
    '_csrf' => '4568b5e25984d7076dc4f24ea19b3a73a43fd1e1ad86b93e25e12c45cf72a981a:2:{i:0;s:5:\"_csrf\";i:1;s:32:\"bp75wJEgKM6UbbuifkjFPzvJaCvWVYHp\";}'
    '_csrf-frontend' => 'd333ee4543ddb34091c7b1c09052e5752e79eecd268d20657f0c520bc6049dc9a:2:{i:0;s:14:\"_csrf-frontend\";i:1;s:32:\"IjZ8TPKg_NfvgvXNxwyg3dgteHaSY_3F\";}'
]

$_SESSION = [
    '__flash' => []
]

$_SERVER = [
    'UNIQUE_ID' => 'WMqno38AAQEAAA@xzvMAAAAL'
    'HTTP_HOST' => 'localhost'
    'HTTP_CONNECTION' => 'keep-alive'
    'HTTP_UPGRADE_INSECURE_REQUESTS' => '1'
    'HTTP_USER_AGENT' => 'Mozilla/5.0 (X11; Linux x86_64) AppleWebKit/537.36 (KHTML, like Gecko) Ubuntu Chromium/56.0.2924.76 Chrome/56.0.2924.76 Safari/537.36'
    'HTTP_ACCEPT' => 'text/html,application/xhtml+xml,application/xml;q=0.9,image/webp,*/*;q=0.8'
    'HTTP_ACCEPT_ENCODING' => 'gzip, deflate, sdch, br'
    'HTTP_ACCEPT_LANGUAGE' => 'en-US,en;q=0.8'
    'HTTP_COOKIE' => 'advanced-frontend=f4dfbedf05b1791f36404c605c0e0f60; advanced-backend=a25f485103f25a850c2a8a78120e80b0; _csrf-backend=55abb660448d56181a4d72bef0e6ad9bdd4f76c94185cebd1cc3f3cd7b04732da%3A2%3A%7Bi%3A0%3Bs%3A13%3A%22_csrf-backend%22%3Bi%3A1%3Bs%3A32%3A%22GW5h_I3vLxg7qxFxg5aTHCv-qYzzHU-6%22%3B%7D; _csrf=4568b5e25984d7076dc4f24ea19b3a73a43fd1e1ad86b93e25e12c45cf72a981a%3A2%3A%7Bi%3A0%3Bs%3A5%3A%22_csrf%22%3Bi%3A1%3Bs%3A32%3A%22bp75wJEgKM6UbbuifkjFPzvJaCvWVYHp%22%3B%7D; _csrf-frontend=d333ee4543ddb34091c7b1c09052e5752e79eecd268d20657f0c520bc6049dc9a%3A2%3A%7Bi%3A0%3Bs%3A14%3A%22_csrf-frontend%22%3Bi%3A1%3Bs%3A32%3A%22IjZ8TPKg_NfvgvXNxwyg3dgteHaSY_3F%22%3B%7D'
    'PATH' => '/usr/local/sbin:/usr/local/bin:/usr/sbin:/usr/bin:/sbin:/bin:/snap/bin'
    'LD_LIBRARY_PATH' => '/opt/lampp/lib:/opt/lampp/lib'
    'SERVER_SIGNATURE' => ''
    'SERVER_SOFTWARE' => 'Apache/2.4.25 (Unix) OpenSSL/1.0.2j PHP/7.1.1 mod_perl/2.0.8-dev Perl/v5.16.3'
    'SERVER_NAME' => 'localhost'
    'SERVER_ADDR' => '::1'
    'SERVER_PORT' => '80'
    'REMOTE_ADDR' => '::1'
    'DOCUMENT_ROOT' => '/opt/lampp/htdocs'
    'REQUEST_SCHEME' => 'http'
    'CONTEXT_PREFIX' => ''
    'CONTEXT_DOCUMENT_ROOT' => '/opt/lampp/htdocs'
    'SERVER_ADMIN' => 'you@example.com'
    'SCRIPT_FILENAME' => '/opt/lampp/htdocs/advancedT2/frontend/web/index.php'
    'REMOTE_PORT' => '34594'
    'GATEWAY_INTERFACE' => 'CGI/1.1'
    'SERVER_PROTOCOL' => 'HTTP/1.1'
    'REQUEST_METHOD' => 'GET'
    'QUERY_STRING' => 'r=student/SS'
    'REQUEST_URI' => '/advancedT2/frontend/web/index.php?r=student/SS'
    'SCRIPT_NAME' => '/advancedT2/frontend/web/index.php'
    'PHP_SELF' => '/advancedT2/frontend/web/index.php'
    'REQUEST_TIME_FLOAT' => 1489676195.957
    'REQUEST_TIME' => 1489676195
]
2017-03-16 15:56:43 [::1][-][f4dfbedf05b1791f36404c605c0e0f60][error][yii\web\HttpException:404] yii\base\InvalidRouteException: Unable to resolve the request "student/Ser". in /opt/lampp/htdocs/advancedT2/vendor/yiisoft/yii2/base/Module.php:532
Stack trace:
#0 /opt/lampp/htdocs/advancedT2/vendor/yiisoft/yii2/web/Application.php(102): yii\base\Module->runAction('student/Ser', Array)
#1 /opt/lampp/htdocs/advancedT2/vendor/yiisoft/yii2/base/Application.php(380): yii\web\Application->handleRequest(Object(yii\web\Request))
#2 /opt/lampp/htdocs/advancedT2/frontend/web/index.php(17): yii\base\Application->run()
#3 {main}

Next yii\web\NotFoundHttpException: Page not found. in /opt/lampp/htdocs/advancedT2/vendor/yiisoft/yii2/web/Application.php:114
Stack trace:
#0 /opt/lampp/htdocs/advancedT2/vendor/yiisoft/yii2/base/Application.php(380): yii\web\Application->handleRequest(Object(yii\web\Request))
#1 /opt/lampp/htdocs/advancedT2/frontend/web/index.php(17): yii\base\Application->run()
#2 {main}
2017-03-16 15:56:43 [::1][-][f4dfbedf05b1791f36404c605c0e0f60][info][application] $_GET = [
    'r' => 'student/Ser'
]

$_COOKIE = [
    'advanced-frontend' => 'f4dfbedf05b1791f36404c605c0e0f60'
    'advanced-backend' => 'a25f485103f25a850c2a8a78120e80b0'
    '_csrf-backend' => '55abb660448d56181a4d72bef0e6ad9bdd4f76c94185cebd1cc3f3cd7b04732da:2:{i:0;s:13:\"_csrf-backend\";i:1;s:32:\"GW5h_I3vLxg7qxFxg5aTHCv-qYzzHU-6\";}'
    '_csrf' => '4568b5e25984d7076dc4f24ea19b3a73a43fd1e1ad86b93e25e12c45cf72a981a:2:{i:0;s:5:\"_csrf\";i:1;s:32:\"bp75wJEgKM6UbbuifkjFPzvJaCvWVYHp\";}'
    '_csrf-frontend' => 'd333ee4543ddb34091c7b1c09052e5752e79eecd268d20657f0c520bc6049dc9a:2:{i:0;s:14:\"_csrf-frontend\";i:1;s:32:\"IjZ8TPKg_NfvgvXNxwyg3dgteHaSY_3F\";}'
]

$_SESSION = [
    '__flash' => []
]

$_SERVER = [
    'UNIQUE_ID' => 'WMqnq38AAQEAAA@kAoIAAAAH'
    'HTTP_HOST' => 'localhost'
    'HTTP_CONNECTION' => 'keep-alive'
    'HTTP_UPGRADE_INSECURE_REQUESTS' => '1'
    'HTTP_USER_AGENT' => 'Mozilla/5.0 (X11; Linux x86_64) AppleWebKit/537.36 (KHTML, like Gecko) Ubuntu Chromium/56.0.2924.76 Chrome/56.0.2924.76 Safari/537.36'
    'HTTP_ACCEPT' => 'text/html,application/xhtml+xml,application/xml;q=0.9,image/webp,*/*;q=0.8'
    'HTTP_ACCEPT_ENCODING' => 'gzip, deflate, sdch, br'
    'HTTP_ACCEPT_LANGUAGE' => 'en-US,en;q=0.8'
    'HTTP_COOKIE' => 'advanced-frontend=f4dfbedf05b1791f36404c605c0e0f60; advanced-backend=a25f485103f25a850c2a8a78120e80b0; _csrf-backend=55abb660448d56181a4d72bef0e6ad9bdd4f76c94185cebd1cc3f3cd7b04732da%3A2%3A%7Bi%3A0%3Bs%3A13%3A%22_csrf-backend%22%3Bi%3A1%3Bs%3A32%3A%22GW5h_I3vLxg7qxFxg5aTHCv-qYzzHU-6%22%3B%7D; _csrf=4568b5e25984d7076dc4f24ea19b3a73a43fd1e1ad86b93e25e12c45cf72a981a%3A2%3A%7Bi%3A0%3Bs%3A5%3A%22_csrf%22%3Bi%3A1%3Bs%3A32%3A%22bp75wJEgKM6UbbuifkjFPzvJaCvWVYHp%22%3B%7D; _csrf-frontend=d333ee4543ddb34091c7b1c09052e5752e79eecd268d20657f0c520bc6049dc9a%3A2%3A%7Bi%3A0%3Bs%3A14%3A%22_csrf-frontend%22%3Bi%3A1%3Bs%3A32%3A%22IjZ8TPKg_NfvgvXNxwyg3dgteHaSY_3F%22%3B%7D'
    'PATH' => '/usr/local/sbin:/usr/local/bin:/usr/sbin:/usr/bin:/sbin:/bin:/snap/bin'
    'LD_LIBRARY_PATH' => '/opt/lampp/lib:/opt/lampp/lib'
    'SERVER_SIGNATURE' => ''
    'SERVER_SOFTWARE' => 'Apache/2.4.25 (Unix) OpenSSL/1.0.2j PHP/7.1.1 mod_perl/2.0.8-dev Perl/v5.16.3'
    'SERVER_NAME' => 'localhost'
    'SERVER_ADDR' => '::1'
    'SERVER_PORT' => '80'
    'REMOTE_ADDR' => '::1'
    'DOCUMENT_ROOT' => '/opt/lampp/htdocs'
    'REQUEST_SCHEME' => 'http'
    'CONTEXT_PREFIX' => ''
    'CONTEXT_DOCUMENT_ROOT' => '/opt/lampp/htdocs'
    'SERVER_ADMIN' => 'you@example.com'
    'SCRIPT_FILENAME' => '/opt/lampp/htdocs/advancedT2/frontend/web/index.php'
    'REMOTE_PORT' => '34600'
    'GATEWAY_INTERFACE' => 'CGI/1.1'
    'SERVER_PROTOCOL' => 'HTTP/1.1'
    'REQUEST_METHOD' => 'GET'
    'QUERY_STRING' => 'r=student/Ser'
    'REQUEST_URI' => '/advancedT2/frontend/web/index.php?r=student/Ser'
    'SCRIPT_NAME' => '/advancedT2/frontend/web/index.php'
    'PHP_SELF' => '/advancedT2/frontend/web/index.php'
    'REQUEST_TIME_FLOAT' => 1489676203.551
    'REQUEST_TIME' => 1489676203
]
2017-03-16 15:56:53 [::1][-][f4dfbedf05b1791f36404c605c0e0f60][error][yii\web\HttpException:404] yii\base\InvalidRouteException: Unable to resolve the request "student/Ser". in /opt/lampp/htdocs/advancedT2/vendor/yiisoft/yii2/base/Module.php:532
Stack trace:
#0 /opt/lampp/htdocs/advancedT2/vendor/yiisoft/yii2/web/Application.php(102): yii\base\Module->runAction('student/Ser', Array)
#1 /opt/lampp/htdocs/advancedT2/vendor/yiisoft/yii2/base/Application.php(380): yii\web\Application->handleRequest(Object(yii\web\Request))
#2 /opt/lampp/htdocs/advancedT2/frontend/web/index.php(17): yii\base\Application->run()
#3 {main}

Next yii\web\NotFoundHttpException: Page not found. in /opt/lampp/htdocs/advancedT2/vendor/yiisoft/yii2/web/Application.php:114
Stack trace:
#0 /opt/lampp/htdocs/advancedT2/vendor/yiisoft/yii2/base/Application.php(380): yii\web\Application->handleRequest(Object(yii\web\Request))
#1 /opt/lampp/htdocs/advancedT2/frontend/web/index.php(17): yii\base\Application->run()
#2 {main}
2017-03-16 15:56:53 [::1][-][f4dfbedf05b1791f36404c605c0e0f60][info][application] $_GET = [
    'r' => 'student/Ser'
]

$_COOKIE = [
    'advanced-frontend' => 'f4dfbedf05b1791f36404c605c0e0f60'
    'advanced-backend' => 'a25f485103f25a850c2a8a78120e80b0'
    '_csrf-backend' => '55abb660448d56181a4d72bef0e6ad9bdd4f76c94185cebd1cc3f3cd7b04732da:2:{i:0;s:13:\"_csrf-backend\";i:1;s:32:\"GW5h_I3vLxg7qxFxg5aTHCv-qYzzHU-6\";}'
    '_csrf' => '4568b5e25984d7076dc4f24ea19b3a73a43fd1e1ad86b93e25e12c45cf72a981a:2:{i:0;s:5:\"_csrf\";i:1;s:32:\"bp75wJEgKM6UbbuifkjFPzvJaCvWVYHp\";}'
    '_csrf-frontend' => 'd333ee4543ddb34091c7b1c09052e5752e79eecd268d20657f0c520bc6049dc9a:2:{i:0;s:14:\"_csrf-frontend\";i:1;s:32:\"IjZ8TPKg_NfvgvXNxwyg3dgteHaSY_3F\";}'
]

$_SESSION = [
    '__flash' => []
]

$_SERVER = [
    'UNIQUE_ID' => 'WMqntX8AAQEAAA8TT48AAAAB'
    'HTTP_HOST' => 'localhost'
    'HTTP_CONNECTION' => 'keep-alive'
    'HTTP_CACHE_CONTROL' => 'max-age=0'
    'HTTP_UPGRADE_INSECURE_REQUESTS' => '1'
    'HTTP_USER_AGENT' => 'Mozilla/5.0 (X11; Linux x86_64) AppleWebKit/537.36 (KHTML, like Gecko) Ubuntu Chromium/56.0.2924.76 Chrome/56.0.2924.76 Safari/537.36'
    'HTTP_ACCEPT' => 'text/html,application/xhtml+xml,application/xml;q=0.9,image/webp,*/*;q=0.8'
    'HTTP_ACCEPT_ENCODING' => 'gzip, deflate, sdch, br'
    'HTTP_ACCEPT_LANGUAGE' => 'en-US,en;q=0.8'
    'HTTP_COOKIE' => 'advanced-frontend=f4dfbedf05b1791f36404c605c0e0f60; advanced-backend=a25f485103f25a850c2a8a78120e80b0; _csrf-backend=55abb660448d56181a4d72bef0e6ad9bdd4f76c94185cebd1cc3f3cd7b04732da%3A2%3A%7Bi%3A0%3Bs%3A13%3A%22_csrf-backend%22%3Bi%3A1%3Bs%3A32%3A%22GW5h_I3vLxg7qxFxg5aTHCv-qYzzHU-6%22%3B%7D; _csrf=4568b5e25984d7076dc4f24ea19b3a73a43fd1e1ad86b93e25e12c45cf72a981a%3A2%3A%7Bi%3A0%3Bs%3A5%3A%22_csrf%22%3Bi%3A1%3Bs%3A32%3A%22bp75wJEgKM6UbbuifkjFPzvJaCvWVYHp%22%3B%7D; _csrf-frontend=d333ee4543ddb34091c7b1c09052e5752e79eecd268d20657f0c520bc6049dc9a%3A2%3A%7Bi%3A0%3Bs%3A14%3A%22_csrf-frontend%22%3Bi%3A1%3Bs%3A32%3A%22IjZ8TPKg_NfvgvXNxwyg3dgteHaSY_3F%22%3B%7D'
    'PATH' => '/usr/local/sbin:/usr/local/bin:/usr/sbin:/usr/bin:/sbin:/bin:/snap/bin'
    'LD_LIBRARY_PATH' => '/opt/lampp/lib:/opt/lampp/lib'
    'SERVER_SIGNATURE' => ''
    'SERVER_SOFTWARE' => 'Apache/2.4.25 (Unix) OpenSSL/1.0.2j PHP/7.1.1 mod_perl/2.0.8-dev Perl/v5.16.3'
    'SERVER_NAME' => 'localhost'
    'SERVER_ADDR' => '::1'
    'SERVER_PORT' => '80'
    'REMOTE_ADDR' => '::1'
    'DOCUMENT_ROOT' => '/opt/lampp/htdocs'
    'REQUEST_SCHEME' => 'http'
    'CONTEXT_PREFIX' => ''
    'CONTEXT_DOCUMENT_ROOT' => '/opt/lampp/htdocs'
    'SERVER_ADMIN' => 'you@example.com'
    'SCRIPT_FILENAME' => '/opt/lampp/htdocs/advancedT2/frontend/web/index.php'
    'REMOTE_PORT' => '34612'
    'GATEWAY_INTERFACE' => 'CGI/1.1'
    'SERVER_PROTOCOL' => 'HTTP/1.1'
    'REQUEST_METHOD' => 'GET'
    'QUERY_STRING' => 'r=student/Ser'
    'REQUEST_URI' => '/advancedT2/frontend/web/index.php?r=student/Ser'
    'SCRIPT_NAME' => '/advancedT2/frontend/web/index.php'
    'PHP_SELF' => '/advancedT2/frontend/web/index.php'
    'REQUEST_TIME_FLOAT' => 1489676213.787
    'REQUEST_TIME' => 1489676213
]
2017-03-16 15:58:07 [::1][-][f4dfbedf05b1791f36404c605c0e0f60][error][yii\web\HttpException:404] yii\base\InvalidRouteException: Unable to resolve the request "student/Ser". in /opt/lampp/htdocs/advancedT2/vendor/yiisoft/yii2/base/Module.php:532
Stack trace:
#0 /opt/lampp/htdocs/advancedT2/vendor/yiisoft/yii2/web/Application.php(102): yii\base\Module->runAction('student/Ser', Array)
#1 /opt/lampp/htdocs/advancedT2/vendor/yiisoft/yii2/base/Application.php(380): yii\web\Application->handleRequest(Object(yii\web\Request))
#2 /opt/lampp/htdocs/advancedT2/frontend/web/index.php(17): yii\base\Application->run()
#3 {main}

Next yii\web\NotFoundHttpException: Page not found. in /opt/lampp/htdocs/advancedT2/vendor/yiisoft/yii2/web/Application.php:114
Stack trace:
#0 /opt/lampp/htdocs/advancedT2/vendor/yiisoft/yii2/base/Application.php(380): yii\web\Application->handleRequest(Object(yii\web\Request))
#1 /opt/lampp/htdocs/advancedT2/frontend/web/index.php(17): yii\base\Application->run()
#2 {main}
2017-03-16 15:58:07 [::1][-][f4dfbedf05b1791f36404c605c0e0f60][info][application] $_GET = [
    'r' => 'student/Ser'
]

$_COOKIE = [
    'advanced-frontend' => 'f4dfbedf05b1791f36404c605c0e0f60'
    'advanced-backend' => 'a25f485103f25a850c2a8a78120e80b0'
    '_csrf-backend' => '55abb660448d56181a4d72bef0e6ad9bdd4f76c94185cebd1cc3f3cd7b04732da:2:{i:0;s:13:\"_csrf-backend\";i:1;s:32:\"GW5h_I3vLxg7qxFxg5aTHCv-qYzzHU-6\";}'
    '_csrf' => '4568b5e25984d7076dc4f24ea19b3a73a43fd1e1ad86b93e25e12c45cf72a981a:2:{i:0;s:5:\"_csrf\";i:1;s:32:\"bp75wJEgKM6UbbuifkjFPzvJaCvWVYHp\";}'
    '_csrf-frontend' => 'd333ee4543ddb34091c7b1c09052e5752e79eecd268d20657f0c520bc6049dc9a:2:{i:0;s:14:\"_csrf-frontend\";i:1;s:32:\"IjZ8TPKg_NfvgvXNxwyg3dgteHaSY_3F\";}'
]

$_SESSION = [
    '__flash' => []
]

$_SERVER = [
    'UNIQUE_ID' => 'WMqn-38AAQEAABFkGBYAAAAA'
    'HTTP_HOST' => 'localhost'
    'HTTP_CONNECTION' => 'keep-alive'
    'HTTP_CACHE_CONTROL' => 'max-age=0'
    'HTTP_UPGRADE_INSECURE_REQUESTS' => '1'
    'HTTP_USER_AGENT' => 'Mozilla/5.0 (X11; Linux x86_64) AppleWebKit/537.36 (KHTML, like Gecko) Ubuntu Chromium/56.0.2924.76 Chrome/56.0.2924.76 Safari/537.36'
    'HTTP_ACCEPT' => 'text/html,application/xhtml+xml,application/xml;q=0.9,image/webp,*/*;q=0.8'
    'HTTP_ACCEPT_ENCODING' => 'gzip, deflate, sdch, br'
    'HTTP_ACCEPT_LANGUAGE' => 'en-US,en;q=0.8'
    'HTTP_COOKIE' => 'advanced-frontend=f4dfbedf05b1791f36404c605c0e0f60; advanced-backend=a25f485103f25a850c2a8a78120e80b0; _csrf-backend=55abb660448d56181a4d72bef0e6ad9bdd4f76c94185cebd1cc3f3cd7b04732da%3A2%3A%7Bi%3A0%3Bs%3A13%3A%22_csrf-backend%22%3Bi%3A1%3Bs%3A32%3A%22GW5h_I3vLxg7qxFxg5aTHCv-qYzzHU-6%22%3B%7D; _csrf=4568b5e25984d7076dc4f24ea19b3a73a43fd1e1ad86b93e25e12c45cf72a981a%3A2%3A%7Bi%3A0%3Bs%3A5%3A%22_csrf%22%3Bi%3A1%3Bs%3A32%3A%22bp75wJEgKM6UbbuifkjFPzvJaCvWVYHp%22%3B%7D; _csrf-frontend=d333ee4543ddb34091c7b1c09052e5752e79eecd268d20657f0c520bc6049dc9a%3A2%3A%7Bi%3A0%3Bs%3A14%3A%22_csrf-frontend%22%3Bi%3A1%3Bs%3A32%3A%22IjZ8TPKg_NfvgvXNxwyg3dgteHaSY_3F%22%3B%7D'
    'PATH' => '/usr/local/sbin:/usr/local/bin:/usr/sbin:/usr/bin:/sbin:/bin:/snap/bin'
    'LD_LIBRARY_PATH' => '/opt/lampp/lib:/opt/lampp/lib'
    'SERVER_SIGNATURE' => ''
    'SERVER_SOFTWARE' => 'Apache/2.4.25 (Unix) OpenSSL/1.0.2j PHP/7.1.1 mod_perl/2.0.8-dev Perl/v5.16.3'
    'SERVER_NAME' => 'localhost'
    'SERVER_ADDR' => '::1'
    'SERVER_PORT' => '80'
    'REMOTE_ADDR' => '::1'
    'DOCUMENT_ROOT' => '/opt/lampp/htdocs'
    'REQUEST_SCHEME' => 'http'
    'CONTEXT_PREFIX' => ''
    'CONTEXT_DOCUMENT_ROOT' => '/opt/lampp/htdocs'
    'SERVER_ADMIN' => 'you@example.com'
    'SCRIPT_FILENAME' => '/opt/lampp/htdocs/advancedT2/frontend/web/index.php'
    'REMOTE_PORT' => '34624'
    'GATEWAY_INTERFACE' => 'CGI/1.1'
    'SERVER_PROTOCOL' => 'HTTP/1.1'
    'REQUEST_METHOD' => 'GET'
    'QUERY_STRING' => 'r=student/Ser'
    'REQUEST_URI' => '/advancedT2/frontend/web/index.php?r=student/Ser'
    'SCRIPT_NAME' => '/advancedT2/frontend/web/index.php'
    'PHP_SELF' => '/advancedT2/frontend/web/index.php'
    'REQUEST_TIME_FLOAT' => 1489676287.413
    'REQUEST_TIME' => 1489676287
]
2017-03-16 15:58:13 [::1][-][f4dfbedf05b1791f36404c605c0e0f60][error][yii\web\HttpException:404] yii\base\InvalidRouteException: Unable to resolve the request "student/". in /opt/lampp/htdocs/advancedT2/vendor/yiisoft/yii2/base/Module.php:532
Stack trace:
#0 /opt/lampp/htdocs/advancedT2/vendor/yiisoft/yii2/web/Application.php(102): yii\base\Module->runAction('student/', Array)
#1 /opt/lampp/htdocs/advancedT2/vendor/yiisoft/yii2/base/Application.php(380): yii\web\Application->handleRequest(Object(yii\web\Request))
#2 /opt/lampp/htdocs/advancedT2/frontend/web/index.php(17): yii\base\Application->run()
#3 {main}

Next yii\web\NotFoundHttpException: Page not found. in /opt/lampp/htdocs/advancedT2/vendor/yiisoft/yii2/web/Application.php:114
Stack trace:
#0 /opt/lampp/htdocs/advancedT2/vendor/yiisoft/yii2/base/Application.php(380): yii\web\Application->handleRequest(Object(yii\web\Request))
#1 /opt/lampp/htdocs/advancedT2/frontend/web/index.php(17): yii\base\Application->run()
#2 {main}
2017-03-16 15:58:13 [::1][-][f4dfbedf05b1791f36404c605c0e0f60][info][application] $_GET = [
    'r' => 'student/'
]

$_COOKIE = [
    'advanced-frontend' => 'f4dfbedf05b1791f36404c605c0e0f60'
    'advanced-backend' => 'a25f485103f25a850c2a8a78120e80b0'
    '_csrf-backend' => '55abb660448d56181a4d72bef0e6ad9bdd4f76c94185cebd1cc3f3cd7b04732da:2:{i:0;s:13:\"_csrf-backend\";i:1;s:32:\"GW5h_I3vLxg7qxFxg5aTHCv-qYzzHU-6\";}'
    '_csrf' => '4568b5e25984d7076dc4f24ea19b3a73a43fd1e1ad86b93e25e12c45cf72a981a:2:{i:0;s:5:\"_csrf\";i:1;s:32:\"bp75wJEgKM6UbbuifkjFPzvJaCvWVYHp\";}'
    '_csrf-frontend' => 'd333ee4543ddb34091c7b1c09052e5752e79eecd268d20657f0c520bc6049dc9a:2:{i:0;s:14:\"_csrf-frontend\";i:1;s:32:\"IjZ8TPKg_NfvgvXNxwyg3dgteHaSY_3F\";}'
]

$_SESSION = [
    '__flash' => []
]

$_SERVER = [
    'UNIQUE_ID' => 'WMqoBX8AAQEAAA8TT5EAAAAB'
    'HTTP_HOST' => 'localhost'
    'HTTP_CONNECTION' => 'keep-alive'
    'HTTP_UPGRADE_INSECURE_REQUESTS' => '1'
    'HTTP_USER_AGENT' => 'Mozilla/5.0 (X11; Linux x86_64) AppleWebKit/537.36 (KHTML, like Gecko) Ubuntu Chromium/56.0.2924.76 Chrome/56.0.2924.76 Safari/537.36'
    'HTTP_ACCEPT' => 'text/html,application/xhtml+xml,application/xml;q=0.9,image/webp,*/*;q=0.8'
    'HTTP_ACCEPT_ENCODING' => 'gzip, deflate, sdch, br'
    'HTTP_ACCEPT_LANGUAGE' => 'en-US,en;q=0.8'
    'HTTP_COOKIE' => 'advanced-frontend=f4dfbedf05b1791f36404c605c0e0f60; advanced-backend=a25f485103f25a850c2a8a78120e80b0; _csrf-backend=55abb660448d56181a4d72bef0e6ad9bdd4f76c94185cebd1cc3f3cd7b04732da%3A2%3A%7Bi%3A0%3Bs%3A13%3A%22_csrf-backend%22%3Bi%3A1%3Bs%3A32%3A%22GW5h_I3vLxg7qxFxg5aTHCv-qYzzHU-6%22%3B%7D; _csrf=4568b5e25984d7076dc4f24ea19b3a73a43fd1e1ad86b93e25e12c45cf72a981a%3A2%3A%7Bi%3A0%3Bs%3A5%3A%22_csrf%22%3Bi%3A1%3Bs%3A32%3A%22bp75wJEgKM6UbbuifkjFPzvJaCvWVYHp%22%3B%7D; _csrf-frontend=d333ee4543ddb34091c7b1c09052e5752e79eecd268d20657f0c520bc6049dc9a%3A2%3A%7Bi%3A0%3Bs%3A14%3A%22_csrf-frontend%22%3Bi%3A1%3Bs%3A32%3A%22IjZ8TPKg_NfvgvXNxwyg3dgteHaSY_3F%22%3B%7D'
    'PATH' => '/usr/local/sbin:/usr/local/bin:/usr/sbin:/usr/bin:/sbin:/bin:/snap/bin'
    'LD_LIBRARY_PATH' => '/opt/lampp/lib:/opt/lampp/lib'
    'SERVER_SIGNATURE' => ''
    'SERVER_SOFTWARE' => 'Apache/2.4.25 (Unix) OpenSSL/1.0.2j PHP/7.1.1 mod_perl/2.0.8-dev Perl/v5.16.3'
    'SERVER_NAME' => 'localhost'
    'SERVER_ADDR' => '::1'
    'SERVER_PORT' => '80'
    'REMOTE_ADDR' => '::1'
    'DOCUMENT_ROOT' => '/opt/lampp/htdocs'
    'REQUEST_SCHEME' => 'http'
    'CONTEXT_PREFIX' => ''
    'CONTEXT_DOCUMENT_ROOT' => '/opt/lampp/htdocs'
    'SERVER_ADMIN' => 'you@example.com'
    'SCRIPT_FILENAME' => '/opt/lampp/htdocs/advancedT2/frontend/web/index.php'
    'REMOTE_PORT' => '34632'
    'GATEWAY_INTERFACE' => 'CGI/1.1'
    'SERVER_PROTOCOL' => 'HTTP/1.1'
    'REQUEST_METHOD' => 'GET'
    'QUERY_STRING' => 'r=student/'
    'REQUEST_URI' => '/advancedT2/frontend/web/index.php?r=student/'
    'SCRIPT_NAME' => '/advancedT2/frontend/web/index.php'
    'PHP_SELF' => '/advancedT2/frontend/web/index.php'
    'REQUEST_TIME_FLOAT' => 1489676293.272
    'REQUEST_TIME' => 1489676293
]
2017-03-16 16:08:47 [::1][-][f4dfbedf05b1791f36404c605c0e0f60][error][yii\web\HttpException:404] yii\base\InvalidRouteException: Unable to resolve the request: student/ in /opt/lampp/htdocs/advancedT2/vendor/yiisoft/yii2/base/Controller.php:127
Stack trace:
#0 /opt/lampp/htdocs/advancedT2/vendor/yiisoft/yii2/base/Module.php(523): yii\base\Controller->runAction('', Array)
#1 /opt/lampp/htdocs/advancedT2/vendor/yiisoft/yii2/web/Application.php(102): yii\base\Module->runAction('student/', Array)
#2 /opt/lampp/htdocs/advancedT2/vendor/yiisoft/yii2/base/Application.php(380): yii\web\Application->handleRequest(Object(yii\web\Request))
#3 /opt/lampp/htdocs/advancedT2/frontend/web/index.php(17): yii\base\Application->run()
#4 {main}

Next yii\web\NotFoundHttpException: Page not found. in /opt/lampp/htdocs/advancedT2/vendor/yiisoft/yii2/web/Application.php:114
Stack trace:
#0 /opt/lampp/htdocs/advancedT2/vendor/yiisoft/yii2/base/Application.php(380): yii\web\Application->handleRequest(Object(yii\web\Request))
#1 /opt/lampp/htdocs/advancedT2/frontend/web/index.php(17): yii\base\Application->run()
#2 {main}
2017-03-16 16:08:47 [::1][-][f4dfbedf05b1791f36404c605c0e0f60][info][application] $_GET = [
    'r' => 'student/'
]

$_COOKIE = [
    'advanced-frontend' => 'f4dfbedf05b1791f36404c605c0e0f60'
    'advanced-backend' => 'a25f485103f25a850c2a8a78120e80b0'
    '_csrf-backend' => '55abb660448d56181a4d72bef0e6ad9bdd4f76c94185cebd1cc3f3cd7b04732da:2:{i:0;s:13:\"_csrf-backend\";i:1;s:32:\"GW5h_I3vLxg7qxFxg5aTHCv-qYzzHU-6\";}'
    '_csrf' => '4568b5e25984d7076dc4f24ea19b3a73a43fd1e1ad86b93e25e12c45cf72a981a:2:{i:0;s:5:\"_csrf\";i:1;s:32:\"bp75wJEgKM6UbbuifkjFPzvJaCvWVYHp\";}'
    '_csrf-frontend' => 'd333ee4543ddb34091c7b1c09052e5752e79eecd268d20657f0c520bc6049dc9a:2:{i:0;s:14:\"_csrf-frontend\";i:1;s:32:\"IjZ8TPKg_NfvgvXNxwyg3dgteHaSY_3F\";}'
]

$_SESSION = [
    '__flash' => []
]

$_SERVER = [
    'UNIQUE_ID' => 'WMqqf38AAQEAAA8W58gAAAAE'
    'HTTP_HOST' => 'localhost'
    'HTTP_CONNECTION' => 'keep-alive'
    'HTTP_CACHE_CONTROL' => 'max-age=0'
    'HTTP_UPGRADE_INSECURE_REQUESTS' => '1'
    'HTTP_USER_AGENT' => 'Mozilla/5.0 (X11; Linux x86_64) AppleWebKit/537.36 (KHTML, like Gecko) Ubuntu Chromium/56.0.2924.76 Chrome/56.0.2924.76 Safari/537.36'
    'HTTP_ACCEPT' => 'text/html,application/xhtml+xml,application/xml;q=0.9,image/webp,*/*;q=0.8'
    'HTTP_ACCEPT_ENCODING' => 'gzip, deflate, sdch, br'
    'HTTP_ACCEPT_LANGUAGE' => 'en-US,en;q=0.8'
    'HTTP_COOKIE' => 'advanced-frontend=f4dfbedf05b1791f36404c605c0e0f60; advanced-backend=a25f485103f25a850c2a8a78120e80b0; _csrf-backend=55abb660448d56181a4d72bef0e6ad9bdd4f76c94185cebd1cc3f3cd7b04732da%3A2%3A%7Bi%3A0%3Bs%3A13%3A%22_csrf-backend%22%3Bi%3A1%3Bs%3A32%3A%22GW5h_I3vLxg7qxFxg5aTHCv-qYzzHU-6%22%3B%7D; _csrf=4568b5e25984d7076dc4f24ea19b3a73a43fd1e1ad86b93e25e12c45cf72a981a%3A2%3A%7Bi%3A0%3Bs%3A5%3A%22_csrf%22%3Bi%3A1%3Bs%3A32%3A%22bp75wJEgKM6UbbuifkjFPzvJaCvWVYHp%22%3B%7D; _csrf-frontend=d333ee4543ddb34091c7b1c09052e5752e79eecd268d20657f0c520bc6049dc9a%3A2%3A%7Bi%3A0%3Bs%3A14%3A%22_csrf-frontend%22%3Bi%3A1%3Bs%3A32%3A%22IjZ8TPKg_NfvgvXNxwyg3dgteHaSY_3F%22%3B%7D'
    'PATH' => '/usr/local/sbin:/usr/local/bin:/usr/sbin:/usr/bin:/sbin:/bin:/snap/bin'
    'LD_LIBRARY_PATH' => '/opt/lampp/lib:/opt/lampp/lib'
    'SERVER_SIGNATURE' => ''
    'SERVER_SOFTWARE' => 'Apache/2.4.25 (Unix) OpenSSL/1.0.2j PHP/7.1.1 mod_perl/2.0.8-dev Perl/v5.16.3'
    'SERVER_NAME' => 'localhost'
    'SERVER_ADDR' => '::1'
    'SERVER_PORT' => '80'
    'REMOTE_ADDR' => '::1'
    'DOCUMENT_ROOT' => '/opt/lampp/htdocs'
    'REQUEST_SCHEME' => 'http'
    'CONTEXT_PREFIX' => ''
    'CONTEXT_DOCUMENT_ROOT' => '/opt/lampp/htdocs'
    'SERVER_ADMIN' => 'you@example.com'
    'SCRIPT_FILENAME' => '/opt/lampp/htdocs/advancedT2/frontend/web/index.php'
    'REMOTE_PORT' => '34832'
    'GATEWAY_INTERFACE' => 'CGI/1.1'
    'SERVER_PROTOCOL' => 'HTTP/1.1'
    'REQUEST_METHOD' => 'GET'
    'QUERY_STRING' => 'r=student/'
    'REQUEST_URI' => '/advancedT2/frontend/web/index.php?r=student/'
    'SCRIPT_NAME' => '/advancedT2/frontend/web/index.php'
    'PHP_SELF' => '/advancedT2/frontend/web/index.php'
    'REQUEST_TIME_FLOAT' => 1489676927.582
    'REQUEST_TIME' => 1489676927
]
2017-03-16 16:10:59 [::1][-][-][error][ParseError] ParseError: syntax error, unexpected end of file, expecting function (T_FUNCTION) or const (T_CONST) in /opt/lampp/htdocs/advancedT2/frontend/models/Student.php:27
Stack trace:
#0 [internal function]: yii\BaseYii::autoload('app\\models\\Stud...')
#1 /opt/lampp/htdocs/advancedT2/frontend/controllers/StudentController.php(18): spl_autoload_call('app\\models\\Stud...')
#2 [internal function]: frontend\controllers\StudentController->actionCreate()
#3 /opt/lampp/htdocs/advancedT2/vendor/yiisoft/yii2/base/InlineAction.php(57): call_user_func_array(Array, Array)
#4 /opt/lampp/htdocs/advancedT2/vendor/yiisoft/yii2/base/Controller.php(156): yii\base\InlineAction->runWithParams(Array)
#5 /opt/lampp/htdocs/advancedT2/vendor/yiisoft/yii2/base/Module.php(523): yii\base\Controller->runAction('create', Array)
#6 /opt/lampp/htdocs/advancedT2/vendor/yiisoft/yii2/web/Application.php(102): yii\base\Module->runAction('student/create', Array)
#7 /opt/lampp/htdocs/advancedT2/vendor/yiisoft/yii2/base/Application.php(380): yii\web\Application->handleRequest(Object(yii\web\Request))
#8 /opt/lampp/htdocs/advancedT2/frontend/web/index.php(17): yii\base\Application->run()
#9 {main}
2017-03-16 16:10:59 [::1][-][-][info][application] $_GET = [
    'r' => 'student/create'
]

$_COOKIE = [
    'advanced-frontend' => 'f4dfbedf05b1791f36404c605c0e0f60'
    'advanced-backend' => 'a25f485103f25a850c2a8a78120e80b0'
    '_csrf-backend' => '55abb660448d56181a4d72bef0e6ad9bdd4f76c94185cebd1cc3f3cd7b04732da:2:{i:0;s:13:\"_csrf-backend\";i:1;s:32:\"GW5h_I3vLxg7qxFxg5aTHCv-qYzzHU-6\";}'
    '_csrf' => '4568b5e25984d7076dc4f24ea19b3a73a43fd1e1ad86b93e25e12c45cf72a981a:2:{i:0;s:5:\"_csrf\";i:1;s:32:\"bp75wJEgKM6UbbuifkjFPzvJaCvWVYHp\";}'
    '_csrf-frontend' => 'd333ee4543ddb34091c7b1c09052e5752e79eecd268d20657f0c520bc6049dc9a:2:{i:0;s:14:\"_csrf-frontend\";i:1;s:32:\"IjZ8TPKg_NfvgvXNxwyg3dgteHaSY_3F\";}'
]

$_SERVER = [
    'UNIQUE_ID' => 'WMqrA38AAQEAAA@iReoAAAAF'
    'HTTP_HOST' => 'localhost'
    'HTTP_CONNECTION' => 'keep-alive'
    'HTTP_UPGRADE_INSECURE_REQUESTS' => '1'
    'HTTP_USER_AGENT' => 'Mozilla/5.0 (X11; Linux x86_64) AppleWebKit/537.36 (KHTML, like Gecko) Ubuntu Chromium/56.0.2924.76 Chrome/56.0.2924.76 Safari/537.36'
    'HTTP_ACCEPT' => 'text/html,application/xhtml+xml,application/xml;q=0.9,image/webp,*/*;q=0.8'
    'HTTP_ACCEPT_ENCODING' => 'gzip, deflate, sdch, br'
    'HTTP_ACCEPT_LANGUAGE' => 'en-US,en;q=0.8'
    'HTTP_COOKIE' => 'advanced-frontend=f4dfbedf05b1791f36404c605c0e0f60; advanced-backend=a25f485103f25a850c2a8a78120e80b0; _csrf-backend=55abb660448d56181a4d72bef0e6ad9bdd4f76c94185cebd1cc3f3cd7b04732da%3A2%3A%7Bi%3A0%3Bs%3A13%3A%22_csrf-backend%22%3Bi%3A1%3Bs%3A32%3A%22GW5h_I3vLxg7qxFxg5aTHCv-qYzzHU-6%22%3B%7D; _csrf=4568b5e25984d7076dc4f24ea19b3a73a43fd1e1ad86b93e25e12c45cf72a981a%3A2%3A%7Bi%3A0%3Bs%3A5%3A%22_csrf%22%3Bi%3A1%3Bs%3A32%3A%22bp75wJEgKM6UbbuifkjFPzvJaCvWVYHp%22%3B%7D; _csrf-frontend=d333ee4543ddb34091c7b1c09052e5752e79eecd268d20657f0c520bc6049dc9a%3A2%3A%7Bi%3A0%3Bs%3A14%3A%22_csrf-frontend%22%3Bi%3A1%3Bs%3A32%3A%22IjZ8TPKg_NfvgvXNxwyg3dgteHaSY_3F%22%3B%7D'
    'PATH' => '/usr/local/sbin:/usr/local/bin:/usr/sbin:/usr/bin:/sbin:/bin:/snap/bin'
    'LD_LIBRARY_PATH' => '/opt/lampp/lib:/opt/lampp/lib'
    'SERVER_SIGNATURE' => ''
    'SERVER_SOFTWARE' => 'Apache/2.4.25 (Unix) OpenSSL/1.0.2j PHP/7.1.1 mod_perl/2.0.8-dev Perl/v5.16.3'
    'SERVER_NAME' => 'localhost'
    'SERVER_ADDR' => '::1'
    'SERVER_PORT' => '80'
    'REMOTE_ADDR' => '::1'
    'DOCUMENT_ROOT' => '/opt/lampp/htdocs'
    'REQUEST_SCHEME' => 'http'
    'CONTEXT_PREFIX' => ''
    'CONTEXT_DOCUMENT_ROOT' => '/opt/lampp/htdocs'
    'SERVER_ADMIN' => 'you@example.com'
    'SCRIPT_FILENAME' => '/opt/lampp/htdocs/advancedT2/frontend/web/index.php'
    'REMOTE_PORT' => '34884'
    'GATEWAY_INTERFACE' => 'CGI/1.1'
    'SERVER_PROTOCOL' => 'HTTP/1.1'
    'REQUEST_METHOD' => 'GET'
    'QUERY_STRING' => 'r=student/create'
    'REQUEST_URI' => '/advancedT2/frontend/web/index.php?r=student/create'
    'SCRIPT_NAME' => '/advancedT2/frontend/web/index.php'
    'PHP_SELF' => '/advancedT2/frontend/web/index.php'
    'REQUEST_TIME_FLOAT' => 1489677059.857
    'REQUEST_TIME' => 1489677059
]
2017-03-16 16:12:51 [::1][-][-][error][ParseError] ParseError: syntax error, unexpected 'public' (T_PUBLIC), expecting end of file in /opt/lampp/htdocs/advancedT2/frontend/controllers/StudentController.php:29
Stack trace:
#0 [internal function]: yii\BaseYii::autoload('frontend\\contro...')
#1 [internal function]: spl_autoload_call('frontend\\contro...')
#2 /opt/lampp/htdocs/advancedT2/vendor/yiisoft/yii2/base/Module.php(633): class_exists('frontend\\contro...')
#3 /opt/lampp/htdocs/advancedT2/vendor/yiisoft/yii2/base/Module.php(591): yii\base\Module->createControllerByID('student')
#4 /opt/lampp/htdocs/advancedT2/vendor/yiisoft/yii2/base/Module.php(517): yii\base\Module->createController('index')
#5 /opt/lampp/htdocs/advancedT2/vendor/yiisoft/yii2/web/Application.php(102): yii\base\Module->runAction('student/index', Array)
#6 /opt/lampp/htdocs/advancedT2/vendor/yiisoft/yii2/base/Application.php(380): yii\web\Application->handleRequest(Object(yii\web\Request))
#7 /opt/lampp/htdocs/advancedT2/frontend/web/index.php(17): yii\base\Application->run()
#8 {main}
2017-03-16 16:12:51 [::1][-][-][info][application] $_GET = [
    'r' => 'student/index'
]

$_COOKIE = [
    'advanced-frontend' => 'f4dfbedf05b1791f36404c605c0e0f60'
    'advanced-backend' => 'a25f485103f25a850c2a8a78120e80b0'
    '_csrf-backend' => '55abb660448d56181a4d72bef0e6ad9bdd4f76c94185cebd1cc3f3cd7b04732da:2:{i:0;s:13:\"_csrf-backend\";i:1;s:32:\"GW5h_I3vLxg7qxFxg5aTHCv-qYzzHU-6\";}'
    '_csrf' => '4568b5e25984d7076dc4f24ea19b3a73a43fd1e1ad86b93e25e12c45cf72a981a:2:{i:0;s:5:\"_csrf\";i:1;s:32:\"bp75wJEgKM6UbbuifkjFPzvJaCvWVYHp\";}'
    '_csrf-frontend' => 'd333ee4543ddb34091c7b1c09052e5752e79eecd268d20657f0c520bc6049dc9a:2:{i:0;s:14:\"_csrf-frontend\";i:1;s:32:\"IjZ8TPKg_NfvgvXNxwyg3dgteHaSY_3F\";}'
]

$_SERVER = [
    'UNIQUE_ID' => 'WMqrc38AAQEAAA@iResAAAAF'
    'HTTP_HOST' => 'localhost'
    'HTTP_CONNECTION' => 'keep-alive'
    'HTTP_UPGRADE_INSECURE_REQUESTS' => '1'
    'HTTP_USER_AGENT' => 'Mozilla/5.0 (X11; Linux x86_64) AppleWebKit/537.36 (KHTML, like Gecko) Ubuntu Chromium/56.0.2924.76 Chrome/56.0.2924.76 Safari/537.36'
    'HTTP_ACCEPT' => 'text/html,application/xhtml+xml,application/xml;q=0.9,image/webp,*/*;q=0.8'
    'HTTP_ACCEPT_ENCODING' => 'gzip, deflate, sdch, br'
    'HTTP_ACCEPT_LANGUAGE' => 'en-US,en;q=0.8'
    'HTTP_COOKIE' => 'advanced-frontend=f4dfbedf05b1791f36404c605c0e0f60; advanced-backend=a25f485103f25a850c2a8a78120e80b0; _csrf-backend=55abb660448d56181a4d72bef0e6ad9bdd4f76c94185cebd1cc3f3cd7b04732da%3A2%3A%7Bi%3A0%3Bs%3A13%3A%22_csrf-backend%22%3Bi%3A1%3Bs%3A32%3A%22GW5h_I3vLxg7qxFxg5aTHCv-qYzzHU-6%22%3B%7D; _csrf=4568b5e25984d7076dc4f24ea19b3a73a43fd1e1ad86b93e25e12c45cf72a981a%3A2%3A%7Bi%3A0%3Bs%3A5%3A%22_csrf%22%3Bi%3A1%3Bs%3A32%3A%22bp75wJEgKM6UbbuifkjFPzvJaCvWVYHp%22%3B%7D; _csrf-frontend=d333ee4543ddb34091c7b1c09052e5752e79eecd268d20657f0c520bc6049dc9a%3A2%3A%7Bi%3A0%3Bs%3A14%3A%22_csrf-frontend%22%3Bi%3A1%3Bs%3A32%3A%22IjZ8TPKg_NfvgvXNxwyg3dgteHaSY_3F%22%3B%7D'
    'PATH' => '/usr/local/sbin:/usr/local/bin:/usr/sbin:/usr/bin:/sbin:/bin:/snap/bin'
    'LD_LIBRARY_PATH' => '/opt/lampp/lib:/opt/lampp/lib'
    'SERVER_SIGNATURE' => ''
    'SERVER_SOFTWARE' => 'Apache/2.4.25 (Unix) OpenSSL/1.0.2j PHP/7.1.1 mod_perl/2.0.8-dev Perl/v5.16.3'
    'SERVER_NAME' => 'localhost'
    'SERVER_ADDR' => '::1'
    'SERVER_PORT' => '80'
    'REMOTE_ADDR' => '::1'
    'DOCUMENT_ROOT' => '/opt/lampp/htdocs'
    'REQUEST_SCHEME' => 'http'
    'CONTEXT_PREFIX' => ''
    'CONTEXT_DOCUMENT_ROOT' => '/opt/lampp/htdocs'
    'SERVER_ADMIN' => 'you@example.com'
    'SCRIPT_FILENAME' => '/opt/lampp/htdocs/advancedT2/frontend/web/index.php'
    'REMOTE_PORT' => '34906'
    'GATEWAY_INTERFACE' => 'CGI/1.1'
    'SERVER_PROTOCOL' => 'HTTP/1.1'
    'REQUEST_METHOD' => 'GET'
    'QUERY_STRING' => 'r=student/index'
    'REQUEST_URI' => '/advancedT2/frontend/web/index.php?r=student/index'
    'SCRIPT_NAME' => '/advancedT2/frontend/web/index.php'
    'PHP_SELF' => '/advancedT2/frontend/web/index.php'
    'REQUEST_TIME_FLOAT' => 1489677171.746
    'REQUEST_TIME' => 1489677171
]
2017-03-16 16:14:16 [::1][-][-][error][ParseError] ParseError: syntax error, unexpected 'public' (T_PUBLIC), expecting end of file in /opt/lampp/htdocs/advancedT2/frontend/controllers/StudentController.php:29
Stack trace:
#0 [internal function]: yii\BaseYii::autoload('frontend\\contro...')
#1 [internal function]: spl_autoload_call('frontend\\contro...')
#2 /opt/lampp/htdocs/advancedT2/vendor/yiisoft/yii2/base/Module.php(633): class_exists('frontend\\contro...')
#3 /opt/lampp/htdocs/advancedT2/vendor/yiisoft/yii2/base/Module.php(591): yii\base\Module->createControllerByID('student')
#4 /opt/lampp/htdocs/advancedT2/vendor/yiisoft/yii2/base/Module.php(517): yii\base\Module->createController('index')
#5 /opt/lampp/htdocs/advancedT2/vendor/yiisoft/yii2/web/Application.php(102): yii\base\Module->runAction('student/index', Array)
#6 /opt/lampp/htdocs/advancedT2/vendor/yiisoft/yii2/base/Application.php(380): yii\web\Application->handleRequest(Object(yii\web\Request))
#7 /opt/lampp/htdocs/advancedT2/frontend/web/index.php(17): yii\base\Application->run()
#8 {main}
2017-03-16 16:14:16 [::1][-][-][info][application] $_GET = [
    'r' => 'student/index'
]

$_COOKIE = [
    'advanced-frontend' => 'f4dfbedf05b1791f36404c605c0e0f60'
    'advanced-backend' => 'a25f485103f25a850c2a8a78120e80b0'
    '_csrf-backend' => '55abb660448d56181a4d72bef0e6ad9bdd4f76c94185cebd1cc3f3cd7b04732da:2:{i:0;s:13:\"_csrf-backend\";i:1;s:32:\"GW5h_I3vLxg7qxFxg5aTHCv-qYzzHU-6\";}'
    '_csrf' => '4568b5e25984d7076dc4f24ea19b3a73a43fd1e1ad86b93e25e12c45cf72a981a:2:{i:0;s:5:\"_csrf\";i:1;s:32:\"bp75wJEgKM6UbbuifkjFPzvJaCvWVYHp\";}'
    '_csrf-frontend' => 'd333ee4543ddb34091c7b1c09052e5752e79eecd268d20657f0c520bc6049dc9a:2:{i:0;s:14:\"_csrf-frontend\";i:1;s:32:\"IjZ8TPKg_NfvgvXNxwyg3dgteHaSY_3F\";}'
]

$_SERVER = [
    'UNIQUE_ID' => 'WMqryH8AAQEAAA@jVMMAAAAG'
    'HTTP_HOST' => 'localhost'
    'HTTP_CONNECTION' => 'keep-alive'
    'HTTP_CACHE_CONTROL' => 'max-age=0'
    'HTTP_UPGRADE_INSECURE_REQUESTS' => '1'
    'HTTP_USER_AGENT' => 'Mozilla/5.0 (X11; Linux x86_64) AppleWebKit/537.36 (KHTML, like Gecko) Ubuntu Chromium/56.0.2924.76 Chrome/56.0.2924.76 Safari/537.36'
    'HTTP_ACCEPT' => 'text/html,application/xhtml+xml,application/xml;q=0.9,image/webp,*/*;q=0.8'
    'HTTP_ACCEPT_ENCODING' => 'gzip, deflate, sdch, br'
    'HTTP_ACCEPT_LANGUAGE' => 'en-US,en;q=0.8'
    'HTTP_COOKIE' => 'advanced-frontend=f4dfbedf05b1791f36404c605c0e0f60; advanced-backend=a25f485103f25a850c2a8a78120e80b0; _csrf-backend=55abb660448d56181a4d72bef0e6ad9bdd4f76c94185cebd1cc3f3cd7b04732da%3A2%3A%7Bi%3A0%3Bs%3A13%3A%22_csrf-backend%22%3Bi%3A1%3Bs%3A32%3A%22GW5h_I3vLxg7qxFxg5aTHCv-qYzzHU-6%22%3B%7D; _csrf=4568b5e25984d7076dc4f24ea19b3a73a43fd1e1ad86b93e25e12c45cf72a981a%3A2%3A%7Bi%3A0%3Bs%3A5%3A%22_csrf%22%3Bi%3A1%3Bs%3A32%3A%22bp75wJEgKM6UbbuifkjFPzvJaCvWVYHp%22%3B%7D; _csrf-frontend=d333ee4543ddb34091c7b1c09052e5752e79eecd268d20657f0c520bc6049dc9a%3A2%3A%7Bi%3A0%3Bs%3A14%3A%22_csrf-frontend%22%3Bi%3A1%3Bs%3A32%3A%22IjZ8TPKg_NfvgvXNxwyg3dgteHaSY_3F%22%3B%7D'
    'PATH' => '/usr/local/sbin:/usr/local/bin:/usr/sbin:/usr/bin:/sbin:/bin:/snap/bin'
    'LD_LIBRARY_PATH' => '/opt/lampp/lib:/opt/lampp/lib'
    'SERVER_SIGNATURE' => ''
    'SERVER_SOFTWARE' => 'Apache/2.4.25 (Unix) OpenSSL/1.0.2j PHP/7.1.1 mod_perl/2.0.8-dev Perl/v5.16.3'
    'SERVER_NAME' => 'localhost'
    'SERVER_ADDR' => '::1'
    'SERVER_PORT' => '80'
    'REMOTE_ADDR' => '::1'
    'DOCUMENT_ROOT' => '/opt/lampp/htdocs'
    'REQUEST_SCHEME' => 'http'
    'CONTEXT_PREFIX' => ''
    'CONTEXT_DOCUMENT_ROOT' => '/opt/lampp/htdocs'
    'SERVER_ADMIN' => 'you@example.com'
    'SCRIPT_FILENAME' => '/opt/lampp/htdocs/advancedT2/frontend/web/index.php'
    'REMOTE_PORT' => '34916'
    'GATEWAY_INTERFACE' => 'CGI/1.1'
    'SERVER_PROTOCOL' => 'HTTP/1.1'
    'REQUEST_METHOD' => 'GET'
    'QUERY_STRING' => 'r=student/index'
    'REQUEST_URI' => '/advancedT2/frontend/web/index.php?r=student/index'
    'SCRIPT_NAME' => '/advancedT2/frontend/web/index.php'
    'PHP_SELF' => '/advancedT2/frontend/web/index.php'
    'REQUEST_TIME_FLOAT' => 1489677256.024
    'REQUEST_TIME' => 1489677256
]
2017-03-16 16:14:44 [::1][-][-][error][ParseError] ParseError: syntax error, unexpected 'public' (T_PUBLIC), expecting end of file in /opt/lampp/htdocs/advancedT2/frontend/controllers/StudentController.php:29
Stack trace:
#0 [internal function]: yii\BaseYii::autoload('frontend\\contro...')
#1 [internal function]: spl_autoload_call('frontend\\contro...')
#2 /opt/lampp/htdocs/advancedT2/vendor/yiisoft/yii2/base/Module.php(633): class_exists('frontend\\contro...')
#3 /opt/lampp/htdocs/advancedT2/vendor/yiisoft/yii2/base/Module.php(591): yii\base\Module->createControllerByID('student')
#4 /opt/lampp/htdocs/advancedT2/vendor/yiisoft/yii2/base/Module.php(517): yii\base\Module->createController('index')
#5 /opt/lampp/htdocs/advancedT2/vendor/yiisoft/yii2/web/Application.php(102): yii\base\Module->runAction('student/index', Array)
#6 /opt/lampp/htdocs/advancedT2/vendor/yiisoft/yii2/base/Application.php(380): yii\web\Application->handleRequest(Object(yii\web\Request))
#7 /opt/lampp/htdocs/advancedT2/frontend/web/index.php(17): yii\base\Application->run()
#8 {main}
2017-03-16 16:14:44 [::1][-][-][info][application] $_GET = [
    'r' => 'student/index'
]

$_COOKIE = [
    'advanced-frontend' => 'f4dfbedf05b1791f36404c605c0e0f60'
    'advanced-backend' => 'a25f485103f25a850c2a8a78120e80b0'
    '_csrf-backend' => '55abb660448d56181a4d72bef0e6ad9bdd4f76c94185cebd1cc3f3cd7b04732da:2:{i:0;s:13:\"_csrf-backend\";i:1;s:32:\"GW5h_I3vLxg7qxFxg5aTHCv-qYzzHU-6\";}'
    '_csrf' => '4568b5e25984d7076dc4f24ea19b3a73a43fd1e1ad86b93e25e12c45cf72a981a:2:{i:0;s:5:\"_csrf\";i:1;s:32:\"bp75wJEgKM6UbbuifkjFPzvJaCvWVYHp\";}'
    '_csrf-frontend' => 'd333ee4543ddb34091c7b1c09052e5752e79eecd268d20657f0c520bc6049dc9a:2:{i:0;s:14:\"_csrf-frontend\";i:1;s:32:\"IjZ8TPKg_NfvgvXNxwyg3dgteHaSY_3F\";}'
]

$_SERVER = [
    'UNIQUE_ID' => 'WMqr5H8AAQEAAA@kAo8AAAAH'
    'HTTP_HOST' => 'localhost'
    'HTTP_CONNECTION' => 'keep-alive'
    'HTTP_CACHE_CONTROL' => 'max-age=0'
    'HTTP_UPGRADE_INSECURE_REQUESTS' => '1'
    'HTTP_USER_AGENT' => 'Mozilla/5.0 (X11; Linux x86_64) AppleWebKit/537.36 (KHTML, like Gecko) Ubuntu Chromium/56.0.2924.76 Chrome/56.0.2924.76 Safari/537.36'
    'HTTP_ACCEPT' => 'text/html,application/xhtml+xml,application/xml;q=0.9,image/webp,*/*;q=0.8'
    'HTTP_ACCEPT_ENCODING' => 'gzip, deflate, sdch, br'
    'HTTP_ACCEPT_LANGUAGE' => 'en-US,en;q=0.8'
    'HTTP_COOKIE' => 'advanced-frontend=f4dfbedf05b1791f36404c605c0e0f60; advanced-backend=a25f485103f25a850c2a8a78120e80b0; _csrf-backend=55abb660448d56181a4d72bef0e6ad9bdd4f76c94185cebd1cc3f3cd7b04732da%3A2%3A%7Bi%3A0%3Bs%3A13%3A%22_csrf-backend%22%3Bi%3A1%3Bs%3A32%3A%22GW5h_I3vLxg7qxFxg5aTHCv-qYzzHU-6%22%3B%7D; _csrf=4568b5e25984d7076dc4f24ea19b3a73a43fd1e1ad86b93e25e12c45cf72a981a%3A2%3A%7Bi%3A0%3Bs%3A5%3A%22_csrf%22%3Bi%3A1%3Bs%3A32%3A%22bp75wJEgKM6UbbuifkjFPzvJaCvWVYHp%22%3B%7D; _csrf-frontend=d333ee4543ddb34091c7b1c09052e5752e79eecd268d20657f0c520bc6049dc9a%3A2%3A%7Bi%3A0%3Bs%3A14%3A%22_csrf-frontend%22%3Bi%3A1%3Bs%3A32%3A%22IjZ8TPKg_NfvgvXNxwyg3dgteHaSY_3F%22%3B%7D'
    'PATH' => '/usr/local/sbin:/usr/local/bin:/usr/sbin:/usr/bin:/sbin:/bin:/snap/bin'
    'LD_LIBRARY_PATH' => '/opt/lampp/lib:/opt/lampp/lib'
    'SERVER_SIGNATURE' => ''
    'SERVER_SOFTWARE' => 'Apache/2.4.25 (Unix) OpenSSL/1.0.2j PHP/7.1.1 mod_perl/2.0.8-dev Perl/v5.16.3'
    'SERVER_NAME' => 'localhost'
    'SERVER_ADDR' => '::1'
    'SERVER_PORT' => '80'
    'REMOTE_ADDR' => '::1'
    'DOCUMENT_ROOT' => '/opt/lampp/htdocs'
    'REQUEST_SCHEME' => 'http'
    'CONTEXT_PREFIX' => ''
    'CONTEXT_DOCUMENT_ROOT' => '/opt/lampp/htdocs'
    'SERVER_ADMIN' => 'you@example.com'
    'SCRIPT_FILENAME' => '/opt/lampp/htdocs/advancedT2/frontend/web/index.php'
    'REMOTE_PORT' => '34924'
    'GATEWAY_INTERFACE' => 'CGI/1.1'
    'SERVER_PROTOCOL' => 'HTTP/1.1'
    'REQUEST_METHOD' => 'GET'
    'QUERY_STRING' => 'r=student/index'
    'REQUEST_URI' => '/advancedT2/frontend/web/index.php?r=student/index'
    'SCRIPT_NAME' => '/advancedT2/frontend/web/index.php'
    'PHP_SELF' => '/advancedT2/frontend/web/index.php'
    'REQUEST_TIME_FLOAT' => 1489677284.155
    'REQUEST_TIME' => 1489677284
]
2017-03-16 16:14:45 [::1][-][-][error][ParseError] ParseError: syntax error, unexpected 'public' (T_PUBLIC), expecting end of file in /opt/lampp/htdocs/advancedT2/frontend/controllers/StudentController.php:29
Stack trace:
#0 [internal function]: yii\BaseYii::autoload('frontend\\contro...')
#1 [internal function]: spl_autoload_call('frontend\\contro...')
#2 /opt/lampp/htdocs/advancedT2/vendor/yiisoft/yii2/base/Module.php(633): class_exists('frontend\\contro...')
#3 /opt/lampp/htdocs/advancedT2/vendor/yiisoft/yii2/base/Module.php(591): yii\base\Module->createControllerByID('student')
#4 /opt/lampp/htdocs/advancedT2/vendor/yiisoft/yii2/base/Module.php(517): yii\base\Module->createController('index')
#5 /opt/lampp/htdocs/advancedT2/vendor/yiisoft/yii2/web/Application.php(102): yii\base\Module->runAction('student/index', Array)
#6 /opt/lampp/htdocs/advancedT2/vendor/yiisoft/yii2/base/Application.php(380): yii\web\Application->handleRequest(Object(yii\web\Request))
#7 /opt/lampp/htdocs/advancedT2/frontend/web/index.php(17): yii\base\Application->run()
#8 {main}
2017-03-16 16:14:45 [::1][-][-][info][application] $_GET = [
    'r' => 'student/index'
]

$_COOKIE = [
    'advanced-frontend' => 'f4dfbedf05b1791f36404c605c0e0f60'
    'advanced-backend' => 'a25f485103f25a850c2a8a78120e80b0'
    '_csrf-backend' => '55abb660448d56181a4d72bef0e6ad9bdd4f76c94185cebd1cc3f3cd7b04732da:2:{i:0;s:13:\"_csrf-backend\";i:1;s:32:\"GW5h_I3vLxg7qxFxg5aTHCv-qYzzHU-6\";}'
    '_csrf' => '4568b5e25984d7076dc4f24ea19b3a73a43fd1e1ad86b93e25e12c45cf72a981a:2:{i:0;s:5:\"_csrf\";i:1;s:32:\"bp75wJEgKM6UbbuifkjFPzvJaCvWVYHp\";}'
    '_csrf-frontend' => 'd333ee4543ddb34091c7b1c09052e5752e79eecd268d20657f0c520bc6049dc9a:2:{i:0;s:14:\"_csrf-frontend\";i:1;s:32:\"IjZ8TPKg_NfvgvXNxwyg3dgteHaSY_3F\";}'
]

$_SERVER = [
    'UNIQUE_ID' => 'WMqr5X8AAQEAAA@iRe4AAAAF'
    'HTTP_HOST' => 'localhost'
    'HTTP_CONNECTION' => 'keep-alive'
    'HTTP_CACHE_CONTROL' => 'max-age=0'
    'HTTP_UPGRADE_INSECURE_REQUESTS' => '1'
    'HTTP_USER_AGENT' => 'Mozilla/5.0 (X11; Linux x86_64) AppleWebKit/537.36 (KHTML, like Gecko) Ubuntu Chromium/56.0.2924.76 Chrome/56.0.2924.76 Safari/537.36'
    'HTTP_ACCEPT' => 'text/html,application/xhtml+xml,application/xml;q=0.9,image/webp,*/*;q=0.8'
    'HTTP_ACCEPT_ENCODING' => 'gzip, deflate, sdch, br'
    'HTTP_ACCEPT_LANGUAGE' => 'en-US,en;q=0.8'
    'HTTP_COOKIE' => 'advanced-frontend=f4dfbedf05b1791f36404c605c0e0f60; advanced-backend=a25f485103f25a850c2a8a78120e80b0; _csrf-backend=55abb660448d56181a4d72bef0e6ad9bdd4f76c94185cebd1cc3f3cd7b04732da%3A2%3A%7Bi%3A0%3Bs%3A13%3A%22_csrf-backend%22%3Bi%3A1%3Bs%3A32%3A%22GW5h_I3vLxg7qxFxg5aTHCv-qYzzHU-6%22%3B%7D; _csrf=4568b5e25984d7076dc4f24ea19b3a73a43fd1e1ad86b93e25e12c45cf72a981a%3A2%3A%7Bi%3A0%3Bs%3A5%3A%22_csrf%22%3Bi%3A1%3Bs%3A32%3A%22bp75wJEgKM6UbbuifkjFPzvJaCvWVYHp%22%3B%7D; _csrf-frontend=d333ee4543ddb34091c7b1c09052e5752e79eecd268d20657f0c520bc6049dc9a%3A2%3A%7Bi%3A0%3Bs%3A14%3A%22_csrf-frontend%22%3Bi%3A1%3Bs%3A32%3A%22IjZ8TPKg_NfvgvXNxwyg3dgteHaSY_3F%22%3B%7D'
    'PATH' => '/usr/local/sbin:/usr/local/bin:/usr/sbin:/usr/bin:/sbin:/bin:/snap/bin'
    'LD_LIBRARY_PATH' => '/opt/lampp/lib:/opt/lampp/lib'
    'SERVER_SIGNATURE' => ''
    'SERVER_SOFTWARE' => 'Apache/2.4.25 (Unix) OpenSSL/1.0.2j PHP/7.1.1 mod_perl/2.0.8-dev Perl/v5.16.3'
    'SERVER_NAME' => 'localhost'
    'SERVER_ADDR' => '::1'
    'SERVER_PORT' => '80'
    'REMOTE_ADDR' => '::1'
    'DOCUMENT_ROOT' => '/opt/lampp/htdocs'
    'REQUEST_SCHEME' => 'http'
    'CONTEXT_PREFIX' => ''
    'CONTEXT_DOCUMENT_ROOT' => '/opt/lampp/htdocs'
    'SERVER_ADMIN' => 'you@example.com'
    'SCRIPT_FILENAME' => '/opt/lampp/htdocs/advancedT2/frontend/web/index.php'
    'REMOTE_PORT' => '34926'
    'GATEWAY_INTERFACE' => 'CGI/1.1'
    'SERVER_PROTOCOL' => 'HTTP/1.1'
    'REQUEST_METHOD' => 'GET'
    'QUERY_STRING' => 'r=student/index'
    'REQUEST_URI' => '/advancedT2/frontend/web/index.php?r=student/index'
    'SCRIPT_NAME' => '/advancedT2/frontend/web/index.php'
    'PHP_SELF' => '/advancedT2/frontend/web/index.php'
    'REQUEST_TIME_FLOAT' => 1489677285.803
    'REQUEST_TIME' => 1489677285
]
2017-03-16 16:15:11 [::1][-][f4dfbedf05b1791f36404c605c0e0f60][error][yii\web\HttpException:404] yii\base\InvalidRouteException: Unable to resolve the request: student/edit in /opt/lampp/htdocs/advancedT2/vendor/yiisoft/yii2/base/Controller.php:127
Stack trace:
#0 /opt/lampp/htdocs/advancedT2/vendor/yiisoft/yii2/base/Module.php(523): yii\base\Controller->runAction('edit', Array)
#1 /opt/lampp/htdocs/advancedT2/vendor/yiisoft/yii2/web/Application.php(102): yii\base\Module->runAction('student/edit', Array)
#2 /opt/lampp/htdocs/advancedT2/vendor/yiisoft/yii2/base/Application.php(380): yii\web\Application->handleRequest(Object(yii\web\Request))
#3 /opt/lampp/htdocs/advancedT2/frontend/web/index.php(17): yii\base\Application->run()
#4 {main}

Next yii\web\NotFoundHttpException: Page not found. in /opt/lampp/htdocs/advancedT2/vendor/yiisoft/yii2/web/Application.php:114
Stack trace:
#0 /opt/lampp/htdocs/advancedT2/vendor/yiisoft/yii2/base/Application.php(380): yii\web\Application->handleRequest(Object(yii\web\Request))
#1 /opt/lampp/htdocs/advancedT2/frontend/web/index.php(17): yii\base\Application->run()
#2 {main}
2017-03-16 16:15:11 [::1][-][f4dfbedf05b1791f36404c605c0e0f60][info][application] $_GET = [
    'r' => 'student/edit'
    'id' => '1'
]

$_COOKIE = [
    'advanced-frontend' => 'f4dfbedf05b1791f36404c605c0e0f60'
    'advanced-backend' => 'a25f485103f25a850c2a8a78120e80b0'
    '_csrf-backend' => '55abb660448d56181a4d72bef0e6ad9bdd4f76c94185cebd1cc3f3cd7b04732da:2:{i:0;s:13:\"_csrf-backend\";i:1;s:32:\"GW5h_I3vLxg7qxFxg5aTHCv-qYzzHU-6\";}'
    '_csrf' => '4568b5e25984d7076dc4f24ea19b3a73a43fd1e1ad86b93e25e12c45cf72a981a:2:{i:0;s:5:\"_csrf\";i:1;s:32:\"bp75wJEgKM6UbbuifkjFPzvJaCvWVYHp\";}'
    '_csrf-frontend' => 'd333ee4543ddb34091c7b1c09052e5752e79eecd268d20657f0c520bc6049dc9a:2:{i:0;s:14:\"_csrf-frontend\";i:1;s:32:\"IjZ8TPKg_NfvgvXNxwyg3dgteHaSY_3F\";}'
]

$_SESSION = [
    '__flash' => []
]

$_SERVER = [
    'UNIQUE_ID' => 'WMqr-38AAQEAAA8VUmIAAAAD'
    'HTTP_HOST' => 'localhost'
    'HTTP_CONNECTION' => 'keep-alive'
    'HTTP_UPGRADE_INSECURE_REQUESTS' => '1'
    'HTTP_USER_AGENT' => 'Mozilla/5.0 (X11; Linux x86_64) AppleWebKit/537.36 (KHTML, like Gecko) Ubuntu Chromium/56.0.2924.76 Chrome/56.0.2924.76 Safari/537.36'
    'HTTP_ACCEPT' => 'text/html,application/xhtml+xml,application/xml;q=0.9,image/webp,*/*;q=0.8'
    'HTTP_REFERER' => 'http://localhost/advancedT2/frontend/web/index.php?r=student/index'
    'HTTP_ACCEPT_ENCODING' => 'gzip, deflate, sdch, br'
    'HTTP_ACCEPT_LANGUAGE' => 'en-US,en;q=0.8'
    'HTTP_COOKIE' => 'advanced-frontend=f4dfbedf05b1791f36404c605c0e0f60; advanced-backend=a25f485103f25a850c2a8a78120e80b0; _csrf-backend=55abb660448d56181a4d72bef0e6ad9bdd4f76c94185cebd1cc3f3cd7b04732da%3A2%3A%7Bi%3A0%3Bs%3A13%3A%22_csrf-backend%22%3Bi%3A1%3Bs%3A32%3A%22GW5h_I3vLxg7qxFxg5aTHCv-qYzzHU-6%22%3B%7D; _csrf=4568b5e25984d7076dc4f24ea19b3a73a43fd1e1ad86b93e25e12c45cf72a981a%3A2%3A%7Bi%3A0%3Bs%3A5%3A%22_csrf%22%3Bi%3A1%3Bs%3A32%3A%22bp75wJEgKM6UbbuifkjFPzvJaCvWVYHp%22%3B%7D; _csrf-frontend=d333ee4543ddb34091c7b1c09052e5752e79eecd268d20657f0c520bc6049dc9a%3A2%3A%7Bi%3A0%3Bs%3A14%3A%22_csrf-frontend%22%3Bi%3A1%3Bs%3A32%3A%22IjZ8TPKg_NfvgvXNxwyg3dgteHaSY_3F%22%3B%7D'
    'PATH' => '/usr/local/sbin:/usr/local/bin:/usr/sbin:/usr/bin:/sbin:/bin:/snap/bin'
    'LD_LIBRARY_PATH' => '/opt/lampp/lib:/opt/lampp/lib'
    'SERVER_SIGNATURE' => ''
    'SERVER_SOFTWARE' => 'Apache/2.4.25 (Unix) OpenSSL/1.0.2j PHP/7.1.1 mod_perl/2.0.8-dev Perl/v5.16.3'
    'SERVER_NAME' => 'localhost'
    'SERVER_ADDR' => '::1'
    'SERVER_PORT' => '80'
    'REMOTE_ADDR' => '::1'
    'DOCUMENT_ROOT' => '/opt/lampp/htdocs'
    'REQUEST_SCHEME' => 'http'
    'CONTEXT_PREFIX' => ''
    'CONTEXT_DOCUMENT_ROOT' => '/opt/lampp/htdocs'
    'SERVER_ADMIN' => 'you@example.com'
    'SCRIPT_FILENAME' => '/opt/lampp/htdocs/advancedT2/frontend/web/index.php'
    'REMOTE_PORT' => '34934'
    'GATEWAY_INTERFACE' => 'CGI/1.1'
    'SERVER_PROTOCOL' => 'HTTP/1.1'
    'REQUEST_METHOD' => 'GET'
    'QUERY_STRING' => 'r=student%2Fedit&id=1'
    'REQUEST_URI' => '/advancedT2/frontend/web/index.php?r=student%2Fedit&id=1'
    'SCRIPT_NAME' => '/advancedT2/frontend/web/index.php'
    'PHP_SELF' => '/advancedT2/frontend/web/index.php'
    'REQUEST_TIME_FLOAT' => 1489677311.289
    'REQUEST_TIME' => 1489677311
]
2017-03-16 16:15:47 [::1][-][f4dfbedf05b1791f36404c605c0e0f60][error][yii\base\ErrorException:32] yii\base\ErrorException: PHP Startup: Unable to load dynamic library '/opt/lampp/lib/php/extensions/no-debug-non-zts-20160303/php_pdo_sqlite.dll' - /opt/lampp/lib/php/extensions/no-debug-non-zts-20160303/php_pdo_sqlite.dll: cannot open shared object file: No such file or directory in Unknown:0
Stack trace:
#0 [internal function]: yii\base\ErrorHandler->handleFatalError()
#1 {main}
2017-03-16 16:15:47 [::1][-][f4dfbedf05b1791f36404c605c0e0f60][info][application] $_GET = [
    'r' => 'student/index'
]

$_COOKIE = [
    'advanced-frontend' => 'f4dfbedf05b1791f36404c605c0e0f60'
    'advanced-backend' => 'a25f485103f25a850c2a8a78120e80b0'
    '_csrf-backend' => '55abb660448d56181a4d72bef0e6ad9bdd4f76c94185cebd1cc3f3cd7b04732da:2:{i:0;s:13:\"_csrf-backend\";i:1;s:32:\"GW5h_I3vLxg7qxFxg5aTHCv-qYzzHU-6\";}'
    '_csrf' => '4568b5e25984d7076dc4f24ea19b3a73a43fd1e1ad86b93e25e12c45cf72a981a:2:{i:0;s:5:\"_csrf\";i:1;s:32:\"bp75wJEgKM6UbbuifkjFPzvJaCvWVYHp\";}'
    '_csrf-frontend' => 'd333ee4543ddb34091c7b1c09052e5752e79eecd268d20657f0c520bc6049dc9a:2:{i:0;s:14:\"_csrf-frontend\";i:1;s:32:\"IjZ8TPKg_NfvgvXNxwyg3dgteHaSY_3F\";}'
]

$_SESSION = [
    '__flash' => []
]

$_SERVER = [
    'UNIQUE_ID' => 'WMqsI38AAQEAABWogSMAAAAJ'
    'HTTP_HOST' => 'localhost'
    'HTTP_CONNECTION' => 'keep-alive'
    'HTTP_CACHE_CONTROL' => 'max-age=0'
    'HTTP_UPGRADE_INSECURE_REQUESTS' => '1'
    'HTTP_USER_AGENT' => 'Mozilla/5.0 (X11; Linux x86_64) AppleWebKit/537.36 (KHTML, like Gecko) Ubuntu Chromium/56.0.2924.76 Chrome/56.0.2924.76 Safari/537.36'
    'HTTP_ACCEPT' => 'text/html,application/xhtml+xml,application/xml;q=0.9,image/webp,*/*;q=0.8'
    'HTTP_ACCEPT_ENCODING' => 'gzip, deflate, sdch, br'
    'HTTP_ACCEPT_LANGUAGE' => 'en-US,en;q=0.8'
    'HTTP_COOKIE' => 'advanced-frontend=f4dfbedf05b1791f36404c605c0e0f60; advanced-backend=a25f485103f25a850c2a8a78120e80b0; _csrf-backend=55abb660448d56181a4d72bef0e6ad9bdd4f76c94185cebd1cc3f3cd7b04732da%3A2%3A%7Bi%3A0%3Bs%3A13%3A%22_csrf-backend%22%3Bi%3A1%3Bs%3A32%3A%22GW5h_I3vLxg7qxFxg5aTHCv-qYzzHU-6%22%3B%7D; _csrf=4568b5e25984d7076dc4f24ea19b3a73a43fd1e1ad86b93e25e12c45cf72a981a%3A2%3A%7Bi%3A0%3Bs%3A5%3A%22_csrf%22%3Bi%3A1%3Bs%3A32%3A%22bp75wJEgKM6UbbuifkjFPzvJaCvWVYHp%22%3B%7D; _csrf-frontend=d333ee4543ddb34091c7b1c09052e5752e79eecd268d20657f0c520bc6049dc9a%3A2%3A%7Bi%3A0%3Bs%3A14%3A%22_csrf-frontend%22%3Bi%3A1%3Bs%3A32%3A%22IjZ8TPKg_NfvgvXNxwyg3dgteHaSY_3F%22%3B%7D'
    'PATH' => '/usr/local/sbin:/usr/local/bin:/usr/sbin:/usr/bin:/sbin:/bin:/snap/bin'
    'LD_LIBRARY_PATH' => '/opt/lampp/lib:/opt/lampp/lib'
    'SERVER_SIGNATURE' => ''
    'SERVER_SOFTWARE' => 'Apache/2.4.25 (Unix) OpenSSL/1.0.2j PHP/7.1.1 mod_perl/2.0.8-dev Perl/v5.16.3'
    'SERVER_NAME' => 'localhost'
    'SERVER_ADDR' => '::1'
    'SERVER_PORT' => '80'
    'REMOTE_ADDR' => '::1'
    'DOCUMENT_ROOT' => '/opt/lampp/htdocs'
    'REQUEST_SCHEME' => 'http'
    'CONTEXT_PREFIX' => ''
    'CONTEXT_DOCUMENT_ROOT' => '/opt/lampp/htdocs'
    'SERVER_ADMIN' => 'you@example.com'
    'SCRIPT_FILENAME' => '/opt/lampp/htdocs/advancedT2/frontend/web/index.php'
    'REMOTE_PORT' => '34962'
    'GATEWAY_INTERFACE' => 'CGI/1.1'
    'SERVER_PROTOCOL' => 'HTTP/1.1'
    'REQUEST_METHOD' => 'GET'
    'QUERY_STRING' => 'r=student/index'
    'REQUEST_URI' => '/advancedT2/frontend/web/index.php?r=student/index'
    'SCRIPT_NAME' => '/advancedT2/frontend/web/index.php'
    'PHP_SELF' => '/advancedT2/frontend/web/index.php'
    'REQUEST_TIME_FLOAT' => 1489677347.507
    'REQUEST_TIME' => 1489677347
]
2017-03-16 16:15:49 [::1][-][-][error][yii\base\ViewNotFoundException] yii\base\ViewNotFoundException: The view file does not exist: /opt/lampp/htdocs/advancedT2/frontend/views/student/edit.php in /opt/lampp/htdocs/advancedT2/vendor/yiisoft/yii2/base/View.php:229
Stack trace:
#0 /opt/lampp/htdocs/advancedT2/vendor/yiisoft/yii2/base/View.php(152): yii\base\View->renderFile('/opt/lampp/htdo...', Array, Object(frontend\controllers\StudentController))
#1 /opt/lampp/htdocs/advancedT2/vendor/yiisoft/yii2/base/Controller.php(381): yii\base\View->render('edit', Array, Object(frontend\controllers\StudentController))
#2 /opt/lampp/htdocs/advancedT2/frontend/controllers/StudentController.php(48): yii\base\Controller->render('edit', Array)
#3 [internal function]: frontend\controllers\StudentController->actionEdit('1')
#4 /opt/lampp/htdocs/advancedT2/vendor/yiisoft/yii2/base/InlineAction.php(57): call_user_func_array(Array, Array)
#5 /opt/lampp/htdocs/advancedT2/vendor/yiisoft/yii2/base/Controller.php(156): yii\base\InlineAction->runWithParams(Array)
#6 /opt/lampp/htdocs/advancedT2/vendor/yiisoft/yii2/base/Module.php(523): yii\base\Controller->runAction('edit', Array)
#7 /opt/lampp/htdocs/advancedT2/vendor/yiisoft/yii2/web/Application.php(102): yii\base\Module->runAction('student/edit', Array)
#8 /opt/lampp/htdocs/advancedT2/vendor/yiisoft/yii2/base/Application.php(380): yii\web\Application->handleRequest(Object(yii\web\Request))
#9 /opt/lampp/htdocs/advancedT2/frontend/web/index.php(17): yii\base\Application->run()
#10 {main}
2017-03-16 16:15:49 [::1][-][-][info][application] $_GET = [
    'r' => 'student/edit'
    'id' => '1'
]

$_COOKIE = [
    'advanced-frontend' => 'f4dfbedf05b1791f36404c605c0e0f60'
    'advanced-backend' => 'a25f485103f25a850c2a8a78120e80b0'
    '_csrf-backend' => '55abb660448d56181a4d72bef0e6ad9bdd4f76c94185cebd1cc3f3cd7b04732da:2:{i:0;s:13:\"_csrf-backend\";i:1;s:32:\"GW5h_I3vLxg7qxFxg5aTHCv-qYzzHU-6\";}'
    '_csrf' => '4568b5e25984d7076dc4f24ea19b3a73a43fd1e1ad86b93e25e12c45cf72a981a:2:{i:0;s:5:\"_csrf\";i:1;s:32:\"bp75wJEgKM6UbbuifkjFPzvJaCvWVYHp\";}'
    '_csrf-frontend' => 'd333ee4543ddb34091c7b1c09052e5752e79eecd268d20657f0c520bc6049dc9a:2:{i:0;s:14:\"_csrf-frontend\";i:1;s:32:\"IjZ8TPKg_NfvgvXNxwyg3dgteHaSY_3F\";}'
]

$_SERVER = [
    'UNIQUE_ID' => 'WMqsJX8AAQEAABWogSYAAAAJ'
    'HTTP_HOST' => 'localhost'
    'HTTP_CONNECTION' => 'keep-alive'
    'HTTP_UPGRADE_INSECURE_REQUESTS' => '1'
    'HTTP_USER_AGENT' => 'Mozilla/5.0 (X11; Linux x86_64) AppleWebKit/537.36 (KHTML, like Gecko) Ubuntu Chromium/56.0.2924.76 Chrome/56.0.2924.76 Safari/537.36'
    'HTTP_ACCEPT' => 'text/html,application/xhtml+xml,application/xml;q=0.9,image/webp,*/*;q=0.8'
    'HTTP_REFERER' => 'http://localhost/advancedT2/frontend/web/index.php?r=student/index'
    'HTTP_ACCEPT_ENCODING' => 'gzip, deflate, sdch, br'
    'HTTP_ACCEPT_LANGUAGE' => 'en-US,en;q=0.8'
    'HTTP_COOKIE' => 'advanced-frontend=f4dfbedf05b1791f36404c605c0e0f60; advanced-backend=a25f485103f25a850c2a8a78120e80b0; _csrf-backend=55abb660448d56181a4d72bef0e6ad9bdd4f76c94185cebd1cc3f3cd7b04732da%3A2%3A%7Bi%3A0%3Bs%3A13%3A%22_csrf-backend%22%3Bi%3A1%3Bs%3A32%3A%22GW5h_I3vLxg7qxFxg5aTHCv-qYzzHU-6%22%3B%7D; _csrf=4568b5e25984d7076dc4f24ea19b3a73a43fd1e1ad86b93e25e12c45cf72a981a%3A2%3A%7Bi%3A0%3Bs%3A5%3A%22_csrf%22%3Bi%3A1%3Bs%3A32%3A%22bp75wJEgKM6UbbuifkjFPzvJaCvWVYHp%22%3B%7D; _csrf-frontend=d333ee4543ddb34091c7b1c09052e5752e79eecd268d20657f0c520bc6049dc9a%3A2%3A%7Bi%3A0%3Bs%3A14%3A%22_csrf-frontend%22%3Bi%3A1%3Bs%3A32%3A%22IjZ8TPKg_NfvgvXNxwyg3dgteHaSY_3F%22%3B%7D'
    'PATH' => '/usr/local/sbin:/usr/local/bin:/usr/sbin:/usr/bin:/sbin:/bin:/snap/bin'
    'LD_LIBRARY_PATH' => '/opt/lampp/lib:/opt/lampp/lib'
    'SERVER_SIGNATURE' => ''
    'SERVER_SOFTWARE' => 'Apache/2.4.25 (Unix) OpenSSL/1.0.2j PHP/7.1.1 mod_perl/2.0.8-dev Perl/v5.16.3'
    'SERVER_NAME' => 'localhost'
    'SERVER_ADDR' => '::1'
    'SERVER_PORT' => '80'
    'REMOTE_ADDR' => '::1'
    'DOCUMENT_ROOT' => '/opt/lampp/htdocs'
    'REQUEST_SCHEME' => 'http'
    'CONTEXT_PREFIX' => ''
    'CONTEXT_DOCUMENT_ROOT' => '/opt/lampp/htdocs'
    'SERVER_ADMIN' => 'you@example.com'
    'SCRIPT_FILENAME' => '/opt/lampp/htdocs/advancedT2/frontend/web/index.php'
    'REMOTE_PORT' => '34962'
    'GATEWAY_INTERFACE' => 'CGI/1.1'
    'SERVER_PROTOCOL' => 'HTTP/1.1'
    'REQUEST_METHOD' => 'GET'
    'QUERY_STRING' => 'r=student%2Fedit&id=1'
    'REQUEST_URI' => '/advancedT2/frontend/web/index.php?r=student%2Fedit&id=1'
    'SCRIPT_NAME' => '/advancedT2/frontend/web/index.php'
    'PHP_SELF' => '/advancedT2/frontend/web/index.php'
    'REQUEST_TIME_FLOAT' => 1489677349.637
    'REQUEST_TIME' => 1489677349
]
2017-03-16 16:16:51 [::1][-][f4dfbedf05b1791f36404c605c0e0f60][error][yii\web\HttpException:404] yii\base\InvalidRouteException: Unable to resolve the request: student/delete in /opt/lampp/htdocs/advancedT2/vendor/yiisoft/yii2/base/Controller.php:127
Stack trace:
#0 /opt/lampp/htdocs/advancedT2/vendor/yiisoft/yii2/base/Module.php(523): yii\base\Controller->runAction('delete', Array)
#1 /opt/lampp/htdocs/advancedT2/vendor/yiisoft/yii2/web/Application.php(102): yii\base\Module->runAction('student/delete', Array)
#2 /opt/lampp/htdocs/advancedT2/vendor/yiisoft/yii2/base/Application.php(380): yii\web\Application->handleRequest(Object(yii\web\Request))
#3 /opt/lampp/htdocs/advancedT2/frontend/web/index.php(17): yii\base\Application->run()
#4 {main}

Next yii\web\NotFoundHttpException: Page not found. in /opt/lampp/htdocs/advancedT2/vendor/yiisoft/yii2/web/Application.php:114
Stack trace:
#0 /opt/lampp/htdocs/advancedT2/vendor/yiisoft/yii2/base/Application.php(380): yii\web\Application->handleRequest(Object(yii\web\Request))
#1 /opt/lampp/htdocs/advancedT2/frontend/web/index.php(17): yii\base\Application->run()
#2 {main}
2017-03-16 16:16:51 [::1][-][f4dfbedf05b1791f36404c605c0e0f60][info][application] $_GET = [
    'r' => 'student/delete'
    'id' => '2'
]

$_COOKIE = [
    'advanced-frontend' => 'f4dfbedf05b1791f36404c605c0e0f60'
    'advanced-backend' => 'a25f485103f25a850c2a8a78120e80b0'
    '_csrf-backend' => '55abb660448d56181a4d72bef0e6ad9bdd4f76c94185cebd1cc3f3cd7b04732da:2:{i:0;s:13:\"_csrf-backend\";i:1;s:32:\"GW5h_I3vLxg7qxFxg5aTHCv-qYzzHU-6\";}'
    '_csrf' => '4568b5e25984d7076dc4f24ea19b3a73a43fd1e1ad86b93e25e12c45cf72a981a:2:{i:0;s:5:\"_csrf\";i:1;s:32:\"bp75wJEgKM6UbbuifkjFPzvJaCvWVYHp\";}'
    '_csrf-frontend' => 'd333ee4543ddb34091c7b1c09052e5752e79eecd268d20657f0c520bc6049dc9a:2:{i:0;s:14:\"_csrf-frontend\";i:1;s:32:\"IjZ8TPKg_NfvgvXNxwyg3dgteHaSY_3F\";}'
]

$_SESSION = [
    '__flash' => []
]

$_SERVER = [
    'UNIQUE_ID' => 'WMqsY38AAQEAAA8TT54AAAAB'
    'HTTP_HOST' => 'localhost'
    'HTTP_CONNECTION' => 'keep-alive'
    'HTTP_UPGRADE_INSECURE_REQUESTS' => '1'
    'HTTP_USER_AGENT' => 'Mozilla/5.0 (X11; Linux x86_64) AppleWebKit/537.36 (KHTML, like Gecko) Ubuntu Chromium/56.0.2924.76 Chrome/56.0.2924.76 Safari/537.36'
    'HTTP_ACCEPT' => 'text/html,application/xhtml+xml,application/xml;q=0.9,image/webp,*/*;q=0.8'
    'HTTP_REFERER' => 'http://localhost/advancedT2/frontend/web/index.php?r=student/index'
    'HTTP_ACCEPT_ENCODING' => 'gzip, deflate, sdch, br'
    'HTTP_ACCEPT_LANGUAGE' => 'en-US,en;q=0.8'
    'HTTP_COOKIE' => 'advanced-frontend=f4dfbedf05b1791f36404c605c0e0f60; advanced-backend=a25f485103f25a850c2a8a78120e80b0; _csrf-backend=55abb660448d56181a4d72bef0e6ad9bdd4f76c94185cebd1cc3f3cd7b04732da%3A2%3A%7Bi%3A0%3Bs%3A13%3A%22_csrf-backend%22%3Bi%3A1%3Bs%3A32%3A%22GW5h_I3vLxg7qxFxg5aTHCv-qYzzHU-6%22%3B%7D; _csrf=4568b5e25984d7076dc4f24ea19b3a73a43fd1e1ad86b93e25e12c45cf72a981a%3A2%3A%7Bi%3A0%3Bs%3A5%3A%22_csrf%22%3Bi%3A1%3Bs%3A32%3A%22bp75wJEgKM6UbbuifkjFPzvJaCvWVYHp%22%3B%7D; _csrf-frontend=d333ee4543ddb34091c7b1c09052e5752e79eecd268d20657f0c520bc6049dc9a%3A2%3A%7Bi%3A0%3Bs%3A14%3A%22_csrf-frontend%22%3Bi%3A1%3Bs%3A32%3A%22IjZ8TPKg_NfvgvXNxwyg3dgteHaSY_3F%22%3B%7D'
    'PATH' => '/usr/local/sbin:/usr/local/bin:/usr/sbin:/usr/bin:/sbin:/bin:/snap/bin'
    'LD_LIBRARY_PATH' => '/opt/lampp/lib:/opt/lampp/lib'
    'SERVER_SIGNATURE' => ''
    'SERVER_SOFTWARE' => 'Apache/2.4.25 (Unix) OpenSSL/1.0.2j PHP/7.1.1 mod_perl/2.0.8-dev Perl/v5.16.3'
    'SERVER_NAME' => 'localhost'
    'SERVER_ADDR' => '::1'
    'SERVER_PORT' => '80'
    'REMOTE_ADDR' => '::1'
    'DOCUMENT_ROOT' => '/opt/lampp/htdocs'
    'REQUEST_SCHEME' => 'http'
    'CONTEXT_PREFIX' => ''
    'CONTEXT_DOCUMENT_ROOT' => '/opt/lampp/htdocs'
    'SERVER_ADMIN' => 'you@example.com'
    'SCRIPT_FILENAME' => '/opt/lampp/htdocs/advancedT2/frontend/web/index.php'
    'REMOTE_PORT' => '34994'
    'GATEWAY_INTERFACE' => 'CGI/1.1'
    'SERVER_PROTOCOL' => 'HTTP/1.1'
    'REQUEST_METHOD' => 'GET'
    'QUERY_STRING' => 'r=student%2Fdelete&id=2'
    'REQUEST_URI' => '/advancedT2/frontend/web/index.php?r=student%2Fdelete&id=2'
    'SCRIPT_NAME' => '/advancedT2/frontend/web/index.php'
    'PHP_SELF' => '/advancedT2/frontend/web/index.php'
    'REQUEST_TIME_FLOAT' => 1489677411.17
    'REQUEST_TIME' => 1489677411
]
2017-03-16 16:38:58 [::1][-][f4dfbedf05b1791f36404c605c0e0f60][error][yii\web\HttpException:404] yii\base\InvalidRouteException: Unable to resolve the request "student/index". in /opt/lampp/htdocs/advancedT2/vendor/yiisoft/yii2/base/Module.php:532
Stack trace:
#0 /opt/lampp/htdocs/advancedT2/vendor/yiisoft/yii2/web/Application.php(102): yii\base\Module->runAction('student/index', Array)
#1 /opt/lampp/htdocs/advancedT2/vendor/yiisoft/yii2/base/Application.php(380): yii\web\Application->handleRequest(Object(yii\web\Request))
#2 /opt/lampp/htdocs/advancedT2/frontend/web/index.php(17): yii\base\Application->run()
#3 {main}

Next yii\web\NotFoundHttpException: Page not found. in /opt/lampp/htdocs/advancedT2/vendor/yiisoft/yii2/web/Application.php:114
Stack trace:
#0 /opt/lampp/htdocs/advancedT2/vendor/yiisoft/yii2/base/Application.php(380): yii\web\Application->handleRequest(Object(yii\web\Request))
#1 /opt/lampp/htdocs/advancedT2/frontend/web/index.php(17): yii\base\Application->run()
#2 {main}
2017-03-16 16:38:58 [::1][-][f4dfbedf05b1791f36404c605c0e0f60][info][application] $_GET = [
    'r' => 'student/index'
]

$_COOKIE = [
    'advanced-frontend' => 'f4dfbedf05b1791f36404c605c0e0f60'
    'advanced-backend' => 'a25f485103f25a850c2a8a78120e80b0'
    '_csrf-backend' => '55abb660448d56181a4d72bef0e6ad9bdd4f76c94185cebd1cc3f3cd7b04732da:2:{i:0;s:13:\"_csrf-backend\";i:1;s:32:\"GW5h_I3vLxg7qxFxg5aTHCv-qYzzHU-6\";}'
    '_csrf' => '4568b5e25984d7076dc4f24ea19b3a73a43fd1e1ad86b93e25e12c45cf72a981a:2:{i:0;s:5:\"_csrf\";i:1;s:32:\"bp75wJEgKM6UbbuifkjFPzvJaCvWVYHp\";}'
    '_csrf-frontend' => '63fd3ba5effef5c36c7ac1691b8956270fc89ef824192ef4b6de476793f8ed5ca:2:{i:0;s:14:\"_csrf-frontend\";i:1;s:32:\"5tBGrPfFnjjX0TIp5tLJOdHo4Ecwieqz\";}'
]

$_SESSION = [
    '__flash' => []
]

$_SERVER = [
    'UNIQUE_ID' => 'WMqxkn8AAQEAABWogTMAAAAJ'
    'HTTP_HOST' => 'localhost'
    'HTTP_CONNECTION' => 'keep-alive'
    'HTTP_CACHE_CONTROL' => 'max-age=0'
    'HTTP_UPGRADE_INSECURE_REQUESTS' => '1'
    'HTTP_USER_AGENT' => 'Mozilla/5.0 (X11; Linux x86_64) AppleWebKit/537.36 (KHTML, like Gecko) Ubuntu Chromium/56.0.2924.76 Chrome/56.0.2924.76 Safari/537.36'
    'HTTP_ACCEPT' => 'text/html,application/xhtml+xml,application/xml;q=0.9,image/webp,*/*;q=0.8'
    'HTTP_REFERER' => 'http://localhost/advancedT2/frontend/web/index.php?r=student/index'
    'HTTP_ACCEPT_ENCODING' => 'gzip, deflate, sdch, br'
    'HTTP_ACCEPT_LANGUAGE' => 'en-US,en;q=0.8'
    'HTTP_COOKIE' => 'advanced-frontend=f4dfbedf05b1791f36404c605c0e0f60; advanced-backend=a25f485103f25a850c2a8a78120e80b0; _csrf-backend=55abb660448d56181a4d72bef0e6ad9bdd4f76c94185cebd1cc3f3cd7b04732da%3A2%3A%7Bi%3A0%3Bs%3A13%3A%22_csrf-backend%22%3Bi%3A1%3Bs%3A32%3A%22GW5h_I3vLxg7qxFxg5aTHCv-qYzzHU-6%22%3B%7D; _csrf=4568b5e25984d7076dc4f24ea19b3a73a43fd1e1ad86b93e25e12c45cf72a981a%3A2%3A%7Bi%3A0%3Bs%3A5%3A%22_csrf%22%3Bi%3A1%3Bs%3A32%3A%22bp75wJEgKM6UbbuifkjFPzvJaCvWVYHp%22%3B%7D; _csrf-frontend=63fd3ba5effef5c36c7ac1691b8956270fc89ef824192ef4b6de476793f8ed5ca%3A2%3A%7Bi%3A0%3Bs%3A14%3A%22_csrf-frontend%22%3Bi%3A1%3Bs%3A32%3A%225tBGrPfFnjjX0TIp5tLJOdHo4Ecwieqz%22%3B%7D'
    'PATH' => '/usr/local/sbin:/usr/local/bin:/usr/sbin:/usr/bin:/sbin:/bin:/snap/bin'
    'LD_LIBRARY_PATH' => '/opt/lampp/lib:/opt/lampp/lib'
    'SERVER_SIGNATURE' => ''
    'SERVER_SOFTWARE' => 'Apache/2.4.25 (Unix) OpenSSL/1.0.2j PHP/7.1.1 mod_perl/2.0.8-dev Perl/v5.16.3'
    'SERVER_NAME' => 'localhost'
    'SERVER_ADDR' => '::1'
    'SERVER_PORT' => '80'
    'REMOTE_ADDR' => '::1'
    'DOCUMENT_ROOT' => '/opt/lampp/htdocs'
    'REQUEST_SCHEME' => 'http'
    'CONTEXT_PREFIX' => ''
    'CONTEXT_DOCUMENT_ROOT' => '/opt/lampp/htdocs'
    'SERVER_ADMIN' => 'you@example.com'
    'SCRIPT_FILENAME' => '/opt/lampp/htdocs/advancedT2/frontend/web/index.php'
    'REMOTE_PORT' => '35170'
    'GATEWAY_INTERFACE' => 'CGI/1.1'
    'SERVER_PROTOCOL' => 'HTTP/1.1'
    'REQUEST_METHOD' => 'GET'
    'QUERY_STRING' => 'r=student%2Findex'
    'REQUEST_URI' => '/advancedT2/frontend/web/index.php?r=student%2Findex'
    'SCRIPT_NAME' => '/advancedT2/frontend/web/index.php'
    'PHP_SELF' => '/advancedT2/frontend/web/index.php'
    'REQUEST_TIME_FLOAT' => 1489678738.093
    'REQUEST_TIME' => 1489678738
]
2017-03-16 16:39:06 [::1][-][-][error][ParseError] ParseError: syntax error, unexpected '*', expecting end of file in /opt/lampp/htdocs/advancedT2/frontend/models/Users.php:7
Stack trace:
#0 [internal function]: yii\BaseYii::autoload('app\\models\\User...')
#1 /opt/lampp/htdocs/advancedT2/frontend/controllers/UsersController.php(27): spl_autoload_call('app\\models\\User...')
#2 [internal function]: frontend\controllers\UsersController->actionIndex()
#3 /opt/lampp/htdocs/advancedT2/vendor/yiisoft/yii2/base/InlineAction.php(57): call_user_func_array(Array, Array)
#4 /opt/lampp/htdocs/advancedT2/vendor/yiisoft/yii2/base/Controller.php(156): yii\base\InlineAction->runWithParams(Array)
#5 /opt/lampp/htdocs/advancedT2/vendor/yiisoft/yii2/base/Module.php(523): yii\base\Controller->runAction('index', Array)
#6 /opt/lampp/htdocs/advancedT2/vendor/yiisoft/yii2/web/Application.php(102): yii\base\Module->runAction('users/index', Array)
#7 /opt/lampp/htdocs/advancedT2/vendor/yiisoft/yii2/base/Application.php(380): yii\web\Application->handleRequest(Object(yii\web\Request))
#8 /opt/lampp/htdocs/advancedT2/frontend/web/index.php(17): yii\base\Application->run()
#9 {main}
2017-03-16 16:39:06 [::1][-][-][info][application] $_GET = [
    'r' => 'users/index'
]

$_COOKIE = [
    'advanced-frontend' => 'f4dfbedf05b1791f36404c605c0e0f60'
    'advanced-backend' => 'a25f485103f25a850c2a8a78120e80b0'
    '_csrf-backend' => '55abb660448d56181a4d72bef0e6ad9bdd4f76c94185cebd1cc3f3cd7b04732da:2:{i:0;s:13:\"_csrf-backend\";i:1;s:32:\"GW5h_I3vLxg7qxFxg5aTHCv-qYzzHU-6\";}'
    '_csrf' => '4568b5e25984d7076dc4f24ea19b3a73a43fd1e1ad86b93e25e12c45cf72a981a:2:{i:0;s:5:\"_csrf\";i:1;s:32:\"bp75wJEgKM6UbbuifkjFPzvJaCvWVYHp\";}'
    '_csrf-frontend' => 'b25b0d63060ab22cf3f8356a103226b37381de803edfe20a3f9fa0c62458f20aa:2:{i:0;s:14:\"_csrf-frontend\";i:1;s:32:\"OnZ_bsu9u149saPJfVsXkZiNmwb_Amtf\";}'
]

$_SERVER = [
    'UNIQUE_ID' => 'WMqxmn8AAQEAABFkGCcAAAAA'
    'HTTP_HOST' => 'localhost'
    'HTTP_CONNECTION' => 'keep-alive'
    'HTTP_UPGRADE_INSECURE_REQUESTS' => '1'
    'HTTP_USER_AGENT' => 'Mozilla/5.0 (X11; Linux x86_64) AppleWebKit/537.36 (KHTML, like Gecko) Ubuntu Chromium/56.0.2924.76 Chrome/56.0.2924.76 Safari/537.36'
    'HTTP_ACCEPT' => 'text/html,application/xhtml+xml,application/xml;q=0.9,image/webp,*/*;q=0.8'
    'HTTP_ACCEPT_ENCODING' => 'gzip, deflate, sdch, br'
    'HTTP_ACCEPT_LANGUAGE' => 'en-US,en;q=0.8'
    'HTTP_COOKIE' => 'advanced-frontend=f4dfbedf05b1791f36404c605c0e0f60; advanced-backend=a25f485103f25a850c2a8a78120e80b0; _csrf-backend=55abb660448d56181a4d72bef0e6ad9bdd4f76c94185cebd1cc3f3cd7b04732da%3A2%3A%7Bi%3A0%3Bs%3A13%3A%22_csrf-backend%22%3Bi%3A1%3Bs%3A32%3A%22GW5h_I3vLxg7qxFxg5aTHCv-qYzzHU-6%22%3B%7D; _csrf=4568b5e25984d7076dc4f24ea19b3a73a43fd1e1ad86b93e25e12c45cf72a981a%3A2%3A%7Bi%3A0%3Bs%3A5%3A%22_csrf%22%3Bi%3A1%3Bs%3A32%3A%22bp75wJEgKM6UbbuifkjFPzvJaCvWVYHp%22%3B%7D; _csrf-frontend=b25b0d63060ab22cf3f8356a103226b37381de803edfe20a3f9fa0c62458f20aa%3A2%3A%7Bi%3A0%3Bs%3A14%3A%22_csrf-frontend%22%3Bi%3A1%3Bs%3A32%3A%22OnZ_bsu9u149saPJfVsXkZiNmwb_Amtf%22%3B%7D'
    'PATH' => '/usr/local/sbin:/usr/local/bin:/usr/sbin:/usr/bin:/sbin:/bin:/snap/bin'
    'LD_LIBRARY_PATH' => '/opt/lampp/lib:/opt/lampp/lib'
    'SERVER_SIGNATURE' => ''
    'SERVER_SOFTWARE' => 'Apache/2.4.25 (Unix) OpenSSL/1.0.2j PHP/7.1.1 mod_perl/2.0.8-dev Perl/v5.16.3'
    'SERVER_NAME' => 'localhost'
    'SERVER_ADDR' => '::1'
    'SERVER_PORT' => '80'
    'REMOTE_ADDR' => '::1'
    'DOCUMENT_ROOT' => '/opt/lampp/htdocs'
    'REQUEST_SCHEME' => 'http'
    'CONTEXT_PREFIX' => ''
    'CONTEXT_DOCUMENT_ROOT' => '/opt/lampp/htdocs'
    'SERVER_ADMIN' => 'you@example.com'
    'SCRIPT_FILENAME' => '/opt/lampp/htdocs/advancedT2/frontend/web/index.php'
    'REMOTE_PORT' => '35176'
    'GATEWAY_INTERFACE' => 'CGI/1.1'
    'SERVER_PROTOCOL' => 'HTTP/1.1'
    'REQUEST_METHOD' => 'GET'
    'QUERY_STRING' => 'r=users%2Findex'
    'REQUEST_URI' => '/advancedT2/frontend/web/index.php?r=users%2Findex'
    'SCRIPT_NAME' => '/advancedT2/frontend/web/index.php'
    'PHP_SELF' => '/advancedT2/frontend/web/index.php'
    'REQUEST_TIME_FLOAT' => 1489678746.282
    'REQUEST_TIME' => 1489678746
]
2017-03-16 16:40:10 [::1][-][f4dfbedf05b1791f36404c605c0e0f60][error][yii\web\HttpException:404] yii\base\InvalidRouteException: Unable to resolve the request "student/edit". in /opt/lampp/htdocs/advancedT2/vendor/yiisoft/yii2/base/Module.php:532
Stack trace:
#0 /opt/lampp/htdocs/advancedT2/vendor/yiisoft/yii2/web/Application.php(102): yii\base\Module->runAction('student/edit', Array)
#1 /opt/lampp/htdocs/advancedT2/vendor/yiisoft/yii2/base/Application.php(380): yii\web\Application->handleRequest(Object(yii\web\Request))
#2 /opt/lampp/htdocs/advancedT2/frontend/web/index.php(17): yii\base\Application->run()
#3 {main}

Next yii\web\NotFoundHttpException: Page not found. in /opt/lampp/htdocs/advancedT2/vendor/yiisoft/yii2/web/Application.php:114
Stack trace:
#0 /opt/lampp/htdocs/advancedT2/vendor/yiisoft/yii2/base/Application.php(380): yii\web\Application->handleRequest(Object(yii\web\Request))
#1 /opt/lampp/htdocs/advancedT2/frontend/web/index.php(17): yii\base\Application->run()
#2 {main}
2017-03-16 16:40:10 [::1][-][f4dfbedf05b1791f36404c605c0e0f60][info][application] $_GET = [
    'r' => 'student/edit'
    'id' => '1'
]

$_COOKIE = [
    'advanced-frontend' => 'f4dfbedf05b1791f36404c605c0e0f60'
    'advanced-backend' => 'a25f485103f25a850c2a8a78120e80b0'
    '_csrf-backend' => '55abb660448d56181a4d72bef0e6ad9bdd4f76c94185cebd1cc3f3cd7b04732da:2:{i:0;s:13:\"_csrf-backend\";i:1;s:32:\"GW5h_I3vLxg7qxFxg5aTHCv-qYzzHU-6\";}'
    '_csrf' => '4568b5e25984d7076dc4f24ea19b3a73a43fd1e1ad86b93e25e12c45cf72a981a:2:{i:0;s:5:\"_csrf\";i:1;s:32:\"bp75wJEgKM6UbbuifkjFPzvJaCvWVYHp\";}'
    '_csrf-frontend' => 'b25b0d63060ab22cf3f8356a103226b37381de803edfe20a3f9fa0c62458f20aa:2:{i:0;s:14:\"_csrf-frontend\";i:1;s:32:\"OnZ_bsu9u149saPJfVsXkZiNmwb_Amtf\";}'
]

$_SESSION = [
    '__flash' => []
]

$_SERVER = [
    'UNIQUE_ID' => 'WMqx2n8AAQEAAA@kApwAAAAH'
    'HTTP_HOST' => 'localhost'
    'HTTP_CONNECTION' => 'keep-alive'
    'HTTP_UPGRADE_INSECURE_REQUESTS' => '1'
    'HTTP_USER_AGENT' => 'Mozilla/5.0 (X11; Linux x86_64) AppleWebKit/537.36 (KHTML, like Gecko) Ubuntu Chromium/56.0.2924.76 Chrome/56.0.2924.76 Safari/537.36'
    'HTTP_ACCEPT' => 'text/html,application/xhtml+xml,application/xml;q=0.9,image/webp,*/*;q=0.8'
    'HTTP_REFERER' => 'http://localhost/advancedT2/frontend/web/index.php?r=users%2Findex'
    'HTTP_ACCEPT_ENCODING' => 'gzip, deflate, sdch, br'
    'HTTP_ACCEPT_LANGUAGE' => 'en-US,en;q=0.8'
    'HTTP_COOKIE' => 'advanced-frontend=f4dfbedf05b1791f36404c605c0e0f60; advanced-backend=a25f485103f25a850c2a8a78120e80b0; _csrf-backend=55abb660448d56181a4d72bef0e6ad9bdd4f76c94185cebd1cc3f3cd7b04732da%3A2%3A%7Bi%3A0%3Bs%3A13%3A%22_csrf-backend%22%3Bi%3A1%3Bs%3A32%3A%22GW5h_I3vLxg7qxFxg5aTHCv-qYzzHU-6%22%3B%7D; _csrf=4568b5e25984d7076dc4f24ea19b3a73a43fd1e1ad86b93e25e12c45cf72a981a%3A2%3A%7Bi%3A0%3Bs%3A5%3A%22_csrf%22%3Bi%3A1%3Bs%3A32%3A%22bp75wJEgKM6UbbuifkjFPzvJaCvWVYHp%22%3B%7D; _csrf-frontend=b25b0d63060ab22cf3f8356a103226b37381de803edfe20a3f9fa0c62458f20aa%3A2%3A%7Bi%3A0%3Bs%3A14%3A%22_csrf-frontend%22%3Bi%3A1%3Bs%3A32%3A%22OnZ_bsu9u149saPJfVsXkZiNmwb_Amtf%22%3B%7D'
    'PATH' => '/usr/local/sbin:/usr/local/bin:/usr/sbin:/usr/bin:/sbin:/bin:/snap/bin'
    'LD_LIBRARY_PATH' => '/opt/lampp/lib:/opt/lampp/lib'
    'SERVER_SIGNATURE' => ''
    'SERVER_SOFTWARE' => 'Apache/2.4.25 (Unix) OpenSSL/1.0.2j PHP/7.1.1 mod_perl/2.0.8-dev Perl/v5.16.3'
    'SERVER_NAME' => 'localhost'
    'SERVER_ADDR' => '::1'
    'SERVER_PORT' => '80'
    'REMOTE_ADDR' => '::1'
    'DOCUMENT_ROOT' => '/opt/lampp/htdocs'
    'REQUEST_SCHEME' => 'http'
    'CONTEXT_PREFIX' => ''
    'CONTEXT_DOCUMENT_ROOT' => '/opt/lampp/htdocs'
    'SERVER_ADMIN' => 'you@example.com'
    'SCRIPT_FILENAME' => '/opt/lampp/htdocs/advancedT2/frontend/web/index.php'
    'REMOTE_PORT' => '35196'
    'GATEWAY_INTERFACE' => 'CGI/1.1'
    'SERVER_PROTOCOL' => 'HTTP/1.1'
    'REQUEST_METHOD' => 'GET'
    'QUERY_STRING' => 'r=student%2Fedit&id=1'
    'REQUEST_URI' => '/advancedT2/frontend/web/index.php?r=student%2Fedit&id=1'
    'SCRIPT_NAME' => '/advancedT2/frontend/web/index.php'
    'PHP_SELF' => '/advancedT2/frontend/web/index.php'
    'REQUEST_TIME_FLOAT' => 1489678810.785
    'REQUEST_TIME' => 1489678810
]
2017-03-16 16:40:17 [::1][-][f4dfbedf05b1791f36404c605c0e0f60][error][yii\web\HttpException:404] yii\base\InvalidRouteException: Unable to resolve the request "student/delete". in /opt/lampp/htdocs/advancedT2/vendor/yiisoft/yii2/base/Module.php:532
Stack trace:
#0 /opt/lampp/htdocs/advancedT2/vendor/yiisoft/yii2/web/Application.php(102): yii\base\Module->runAction('student/delete', Array)
#1 /opt/lampp/htdocs/advancedT2/vendor/yiisoft/yii2/base/Application.php(380): yii\web\Application->handleRequest(Object(yii\web\Request))
#2 /opt/lampp/htdocs/advancedT2/frontend/web/index.php(17): yii\base\Application->run()
#3 {main}

Next yii\web\NotFoundHttpException: Page not found. in /opt/lampp/htdocs/advancedT2/vendor/yiisoft/yii2/web/Application.php:114
Stack trace:
#0 /opt/lampp/htdocs/advancedT2/vendor/yiisoft/yii2/base/Application.php(380): yii\web\Application->handleRequest(Object(yii\web\Request))
#1 /opt/lampp/htdocs/advancedT2/frontend/web/index.php(17): yii\base\Application->run()
#2 {main}
2017-03-16 16:40:17 [::1][-][f4dfbedf05b1791f36404c605c0e0f60][info][application] $_GET = [
    'r' => 'student/delete'
    'id' => '1'
]

$_COOKIE = [
    'advanced-frontend' => 'f4dfbedf05b1791f36404c605c0e0f60'
    'advanced-backend' => 'a25f485103f25a850c2a8a78120e80b0'
    '_csrf-backend' => '55abb660448d56181a4d72bef0e6ad9bdd4f76c94185cebd1cc3f3cd7b04732da:2:{i:0;s:13:\"_csrf-backend\";i:1;s:32:\"GW5h_I3vLxg7qxFxg5aTHCv-qYzzHU-6\";}'
    '_csrf' => '4568b5e25984d7076dc4f24ea19b3a73a43fd1e1ad86b93e25e12c45cf72a981a:2:{i:0;s:5:\"_csrf\";i:1;s:32:\"bp75wJEgKM6UbbuifkjFPzvJaCvWVYHp\";}'
    '_csrf-frontend' => 'b25b0d63060ab22cf3f8356a103226b37381de803edfe20a3f9fa0c62458f20aa:2:{i:0;s:14:\"_csrf-frontend\";i:1;s:32:\"OnZ_bsu9u149saPJfVsXkZiNmwb_Amtf\";}'
]

$_SESSION = [
    '__flash' => []
]

$_SERVER = [
    'UNIQUE_ID' => 'WMqx4X8AAQEAABWogTgAAAAJ'
    'HTTP_HOST' => 'localhost'
    'HTTP_CONNECTION' => 'keep-alive'
    'HTTP_UPGRADE_INSECURE_REQUESTS' => '1'
    'HTTP_USER_AGENT' => 'Mozilla/5.0 (X11; Linux x86_64) AppleWebKit/537.36 (KHTML, like Gecko) Ubuntu Chromium/56.0.2924.76 Chrome/56.0.2924.76 Safari/537.36'
    'HTTP_ACCEPT' => 'text/html,application/xhtml+xml,application/xml;q=0.9,image/webp,*/*;q=0.8'
    'HTTP_REFERER' => 'http://localhost/advancedT2/frontend/web/index.php?r=users%2Findex'
    'HTTP_ACCEPT_ENCODING' => 'gzip, deflate, sdch, br'
    'HTTP_ACCEPT_LANGUAGE' => 'en-US,en;q=0.8'
    'HTTP_COOKIE' => 'advanced-frontend=f4dfbedf05b1791f36404c605c0e0f60; advanced-backend=a25f485103f25a850c2a8a78120e80b0; _csrf-backend=55abb660448d56181a4d72bef0e6ad9bdd4f76c94185cebd1cc3f3cd7b04732da%3A2%3A%7Bi%3A0%3Bs%3A13%3A%22_csrf-backend%22%3Bi%3A1%3Bs%3A32%3A%22GW5h_I3vLxg7qxFxg5aTHCv-qYzzHU-6%22%3B%7D; _csrf=4568b5e25984d7076dc4f24ea19b3a73a43fd1e1ad86b93e25e12c45cf72a981a%3A2%3A%7Bi%3A0%3Bs%3A5%3A%22_csrf%22%3Bi%3A1%3Bs%3A32%3A%22bp75wJEgKM6UbbuifkjFPzvJaCvWVYHp%22%3B%7D; _csrf-frontend=b25b0d63060ab22cf3f8356a103226b37381de803edfe20a3f9fa0c62458f20aa%3A2%3A%7Bi%3A0%3Bs%3A14%3A%22_csrf-frontend%22%3Bi%3A1%3Bs%3A32%3A%22OnZ_bsu9u149saPJfVsXkZiNmwb_Amtf%22%3B%7D'
    'PATH' => '/usr/local/sbin:/usr/local/bin:/usr/sbin:/usr/bin:/sbin:/bin:/snap/bin'
    'LD_LIBRARY_PATH' => '/opt/lampp/lib:/opt/lampp/lib'
    'SERVER_SIGNATURE' => ''
    'SERVER_SOFTWARE' => 'Apache/2.4.25 (Unix) OpenSSL/1.0.2j PHP/7.1.1 mod_perl/2.0.8-dev Perl/v5.16.3'
    'SERVER_NAME' => 'localhost'
    'SERVER_ADDR' => '::1'
    'SERVER_PORT' => '80'
    'REMOTE_ADDR' => '::1'
    'DOCUMENT_ROOT' => '/opt/lampp/htdocs'
    'REQUEST_SCHEME' => 'http'
    'CONTEXT_PREFIX' => ''
    'CONTEXT_DOCUMENT_ROOT' => '/opt/lampp/htdocs'
    'SERVER_ADMIN' => 'you@example.com'
    'SCRIPT_FILENAME' => '/opt/lampp/htdocs/advancedT2/frontend/web/index.php'
    'REMOTE_PORT' => '35202'
    'GATEWAY_INTERFACE' => 'CGI/1.1'
    'SERVER_PROTOCOL' => 'HTTP/1.1'
    'REQUEST_METHOD' => 'GET'
    'QUERY_STRING' => 'r=student%2Fdelete&id=1'
    'REQUEST_URI' => '/advancedT2/frontend/web/index.php?r=student%2Fdelete&id=1'
    'SCRIPT_NAME' => '/advancedT2/frontend/web/index.php'
    'PHP_SELF' => '/advancedT2/frontend/web/index.php'
    'REQUEST_TIME_FLOAT' => 1489678817.857
    'REQUEST_TIME' => 1489678817
]
